[2025-12-15 13:14:22,507] INFO django.utils.autoreload:668 Watching for file changes with StatReloader
[2025-12-15 13:17:28,233] INFO django.utils.autoreload:668 Watching for file changes with StatReloader
[2025-12-15 13:18:02,317] INFO django.utils.autoreload:266 D:\CursorProjects\SkySalonUpdated-main\SkySalonUpdated-main\salon_site\settings.py changed, reloading.
[2025-12-15 13:18:03,761] INFO django.utils.autoreload:668 Watching for file changes with StatReloader
TEST LOG ENTRY
[2025-12-15 14:58:17,115] INFO bookings.management.commands.send_reminders:35 Preparing reminders
[2025-12-15 14:58:17,118] INFO bookings.management.commands.send_reminders:90 Skipping SMS reminders; Twilio not configured or client unavailable
[2025-12-15 15:11:04,694] INFO django.utils.autoreload:667 Watching for file changes with StatReloader
[2025-12-15 15:11:18,535] INFO django.server:213 "GET / HTTP/1.1" 200 2734
[2025-12-15 15:11:18,628] INFO django.server:213 "GET /static/django-browser-reload/reload-listener.js HTTP/1.1" 200 623
[2025-12-15 15:11:18,630] INFO django.server:213 "GET /static/css/styles.css HTTP/1.1" 200 4066
[2025-12-15 15:11:18,636] INFO django.server:213 "GET /static/images/hero.jpg HTTP/1.1" 200 121541
[2025-12-15 15:11:19,626] INFO django.server:213 "GET /static/django-browser-reload/reload-worker.js HTTP/1.1" 200 2711
[2025-12-15 15:11:19,628] WARNING django.server:213 "GET /favicon.ico HTTP/1.1" 404 4300
[2025-12-15 15:11:36,463] INFO django.server:213 "GET /pricelist/ HTTP/1.1" 200 2877
[2025-12-20 22:09:25,746] INFO django.utils.autoreload:667 Watching for file changes with StatReloader
[2025-12-20 22:09:28,080] INFO django.server:213 "GET / HTTP/1.1" 200 2734
[2025-12-20 22:09:28,191] INFO django.server:213 "GET /static/css/styles.css HTTP/1.1" 200 4066
[2025-12-20 22:09:28,212] INFO django.server:213 "GET /static/images/hero.jpg HTTP/1.1" 200 121541
[2025-12-20 22:09:28,216] INFO django.server:213 "GET /static/django-browser-reload/reload-listener.js HTTP/1.1" 200 623
[2025-12-20 22:09:28,261] INFO django.server:213 "GET /static/django-browser-reload/reload-worker.js HTTP/1.1" 200 2711
[2025-12-20 22:09:28,263] WARNING django.server:213 "GET /favicon.ico HTTP/1.1" 404 4300
[2025-12-20 22:09:29,746] INFO django.server:213 "GET /book/ HTTP/1.1" 200 3419
[2025-12-22 09:46:08,137] INFO django.utils.autoreload:668 Watching for file changes with StatReloader
[2025-12-22 09:46:14,417] INFO django.server:212 "GET / HTTP/1.1" 200 2734
[2025-12-22 09:46:14,534] INFO django.server:212 "GET /static/css/styles.css HTTP/1.1" 200 4066
[2025-12-22 09:46:14,549] INFO django.server:212 "GET /static/django-browser-reload/reload-listener.js HTTP/1.1" 200 623
[2025-12-22 09:46:14,552] INFO django.server:212 "GET /static/images/hero.jpg HTTP/1.1" 200 121541
[2025-12-22 09:46:14,589] INFO django.server:212 "GET /static/django-browser-reload/reload-worker.js HTTP/1.1" 200 2711
[2025-12-22 09:46:14,773] WARNING django.server:212 "GET /favicon.ico HTTP/1.1" 404 3600
[2025-12-22 09:46:20,860] INFO django.server:212 "GET / HTTP/1.1" 200 2734
[2025-12-22 09:46:20,941] INFO django.server:212 "GET /static/css/styles.css HTTP/1.1" 200 4066
[2025-12-22 09:46:20,941] INFO django.server:212 "GET /static/django-browser-reload/reload-listener.js HTTP/1.1" 200 623
[2025-12-22 09:46:20,975] INFO django.server:212 "GET /static/django-browser-reload/reload-worker.js HTTP/1.1" 200 2711
[2025-12-22 09:46:20,976] INFO django.server:212 "GET /static/images/hero.jpg HTTP/1.1" 200 121541
[2025-12-22 09:46:30,809] INFO django.server:212 "GET / HTTP/1.1" 200 2734
[2025-12-22 09:46:39,985] INFO django.server:212 "GET /book/ HTTP/1.1" 200 3382
[2025-12-22 09:47:07,458] INFO bookings.views:28 Booking created
[2025-12-22 09:47:07,467] INFO django.server:212 "POST /book/ HTTP/1.1" 302 0
[2025-12-22 09:47:07,471] INFO django.server:212 "GET /booking-success/?id=3 HTTP/1.1" 200 918
[2025-12-22 09:47:14,618] INFO django.server:212 "GET / HTTP/1.1" 200 2734
[2025-12-22 09:47:15,972] INFO django.server:212 "GET /admin/ HTTP/1.1" 302 0
[2025-12-22 09:47:16,061] INFO django.server:212 "GET /admin/login/?next=/admin/ HTTP/1.1" 200 4506
[2025-12-22 09:47:16,110] INFO django.server:212 "GET /static/admin/css/nav_sidebar.css HTTP/1.1" 200 2694
[2025-12-22 09:47:16,110] INFO django.server:212 "GET /static/admin/css/dark_mode.css HTTP/1.1" 200 2929
[2025-12-22 09:47:16,111] INFO django.server:212 "GET /static/admin/css/login.css HTTP/1.1" 200 958
[2025-12-22 09:47:16,111] INFO django.server:212 "GET /static/admin/css/base.css HTTP/1.1" 200 21207
[2025-12-22 09:47:16,113] INFO django.server:212 "GET /static/admin/css/responsive.css HTTP/1.1" 200 18533
[2025-12-22 09:47:16,131] INFO django.server:212 "GET /static/admin/img/icon-yes.svg HTTP/1.1" 200 436
[2025-12-22 09:47:16,133] INFO django.server:212 "GET /static/admin/js/theme.js HTTP/1.1" 200 1943
[2025-12-22 09:47:16,135] INFO django.server:212 "GET /static/admin/js/nav_sidebar.js HTTP/1.1" 200 3063
[2025-12-22 09:47:20,644] INFO django.server:212 "POST /admin/login/?next=/admin/ HTTP/1.1" 302 0
[2025-12-22 09:47:20,681] INFO django.server:212 "GET /admin/ HTTP/1.1" 200 10220
[2025-12-22 09:47:20,713] INFO django.server:212 "GET /static/admin/css/dashboard.css HTTP/1.1" 200 441
[2025-12-22 09:47:20,713] INFO django.server:212 "GET /static/admin/img/icon-addlink.svg HTTP/1.1" 200 331
[2025-12-22 09:47:20,714] INFO django.server:212 "GET /static/admin/img/icon-changelink.svg HTTP/1.1" 200 380
[2025-12-22 09:47:26,855] INFO django.server:212 "GET /admin/bookings/booking/ HTTP/1.1" 200 13876
[2025-12-22 09:47:26,890] INFO django.server:212 "GET /admin/jsi18n/ HTTP/1.1" 200 3343
[2025-12-22 09:47:26,890] INFO django.server:212 "GET /static/admin/css/changelists.css HTTP/1.1" 200 6566
[2025-12-22 09:47:26,894] INFO django.server:212 "GET /static/admin/js/jquery.init.js HTTP/1.1" 200 347
[2025-12-22 09:47:26,901] INFO django.server:212 "GET /static/admin/js/core.js HTTP/1.1" 200 5682
[2025-12-22 09:47:26,917] INFO django.server:212 "GET /static/admin/js/admin/RelatedObjectLookups.js HTTP/1.1" 200 8943
[2025-12-22 09:47:26,920] INFO django.server:212 "GET /static/admin/js/urlify.js HTTP/1.1" 200 7887
[2025-12-22 09:47:26,921] INFO django.server:212 "GET /static/admin/js/actions.js HTTP/1.1" 200 7872
[2025-12-22 09:47:26,924] INFO django.server:212 "GET /static/admin/js/prepopulate.js HTTP/1.1" 200 1531
[2025-12-22 09:47:26,934] INFO django.server:212 "GET /static/admin/img/search.svg HTTP/1.1" 200 458
[2025-12-22 09:47:26,938] INFO django.server:212 "GET /static/admin/js/vendor/jquery/jquery.js HTTP/1.1" 200 292458
[2025-12-22 09:47:26,960] INFO django.server:212 "GET /static/admin/js/filters.js HTTP/1.1" 200 978
[2025-12-22 09:47:26,982] INFO django.server:212 "GET /static/admin/js/vendor/xregexp/xregexp.js HTTP/1.1" 200 232381
[2025-12-22 09:47:27,001] INFO django.server:212 "GET /static/admin/img/sorting-icons.svg HTTP/1.1" 200 1097
[2025-12-22 09:47:27,001] INFO django.server:212 "GET /static/admin/img/tooltag-add.svg HTTP/1.1" 200 331
[2025-12-22 09:47:34,035] INFO django.server:212 "GET /admin/bookings/booking/3/change/ HTTP/1.1" 200 16036
[2025-12-22 09:47:34,061] INFO django.server:212 "GET /admin/jsi18n/ HTTP/1.1" 200 3343
[2025-12-22 09:47:34,070] INFO django.server:212 "GET /static/admin/css/forms.css HTTP/1.1" 200 9047
[2025-12-22 09:47:34,071] INFO django.server:212 "GET /static/admin/css/vendor/select2/select2.css HTTP/1.1" 200 17358
[2025-12-22 09:47:34,072] INFO django.server:212 "GET /static/admin/css/autocomplete.css HTTP/1.1" 200 9114
[2025-12-22 09:47:34,085] INFO django.server:212 "GET /static/admin/js/calendar.js HTTP/1.1" 200 8466
[2025-12-22 09:47:34,095] INFO django.server:212 "GET /static/admin/js/autocomplete.js HTTP/1.1" 200 1060
[2025-12-22 09:47:34,096] INFO django.server:212 "GET /static/admin/js/admin/DateTimeShortcuts.js HTTP/1.1" 200 19319
[2025-12-22 09:47:34,098] INFO django.server:212 "GET /static/admin/js/vendor/select2/i18n/en.js HTTP/1.1" 200 844
[2025-12-22 09:47:34,101] INFO django.server:212 "GET /static/admin/css/widgets.css HTTP/1.1" 200 11900
[2025-12-22 09:47:34,110] INFO django.server:212 "GET /static/admin/img/icon-viewlink.svg HTTP/1.1" 200 581
[2025-12-22 09:47:34,117] INFO django.server:212 "GET /static/admin/js/prepopulate_init.js HTTP/1.1" 200 586
[2025-12-22 09:47:34,135] INFO django.server:212 "GET /static/admin/js/change_form.js HTTP/1.1" 200 606
[2025-12-22 09:47:34,145] INFO django.server:212 "GET /static/admin/js/vendor/select2/select2.full.js HTTP/1.1" 200 173566
[2025-12-22 09:47:34,184] INFO django.server:212 "GET /static/admin/img/icon-clock.svg HTTP/1.1" 200 677
[2025-12-22 09:47:34,184] INFO django.server:212 "GET /static/admin/img/icon-calendar.svg HTTP/1.1" 200 1086
[2025-12-22 09:50:29,433] INFO django.server:212 "GET /admin/ HTTP/1.1" 200 10220
[2025-12-22 09:50:31,418] INFO django.server:212 "GET /admin/bookings/service/ HTTP/1.1" 200 10774
[2025-12-22 09:50:31,441] INFO django.server:212 "GET /admin/jsi18n/ HTTP/1.1" 200 3343
[2025-12-22 10:01:32,693] INFO django.utils.autoreload:266 D:\CursorProjects\SkySalonUpdated-main\SkySalonUpdated-main\bookings\models.py changed, reloading.
[2025-12-22 10:01:34,245] INFO django.utils.autoreload:668 Watching for file changes with StatReloader
[2025-12-22 10:01:35,445] INFO django.utils.autoreload:266 D:\CursorProjects\SkySalonUpdated-main\SkySalonUpdated-main\bookings\models.py changed, reloading.
[2025-12-22 10:01:36,045] INFO django.utils.autoreload:668 Watching for file changes with StatReloader
[2025-12-22 10:01:41,334] INFO django.utils.autoreload:266 D:\CursorProjects\SkySalonUpdated-main\SkySalonUpdated-main\bookings\models.py changed, reloading.
[2025-12-22 10:01:42,013] INFO django.utils.autoreload:668 Watching for file changes with StatReloader
[2025-12-22 10:01:53,369] INFO django.utils.autoreload:266 D:\CursorProjects\SkySalonUpdated-main\SkySalonUpdated-main\bookings\models.py changed, reloading.
[2025-12-22 10:01:54,031] INFO django.utils.autoreload:668 Watching for file changes with StatReloader
[2025-12-22 10:01:58,321] INFO django.utils.autoreload:266 D:\CursorProjects\SkySalonUpdated-main\SkySalonUpdated-main\bookings\admin.py changed, reloading.
[2025-12-22 10:01:59,026] INFO django.utils.autoreload:668 Watching for file changes with StatReloader
[2025-12-22 10:02:06,431] INFO django.utils.autoreload:266 D:\CursorProjects\SkySalonUpdated-main\SkySalonUpdated-main\bookings\forms.py changed, reloading.
[2025-12-22 10:02:07,122] INFO django.utils.autoreload:668 Watching for file changes with StatReloader
[2025-12-22 10:02:07,883] ERROR django.request:241 Internal Server Error: /
Traceback (most recent call last):
  File "E:\Program Files\Python\Lib\site-packages\django\db\backends\utils.py", line 89, in _execute
    return self.cursor.execute(sql, params)
           ~~~~~~~~~~~~~~~~~~~^^^^^^^^^^^^^
  File "E:\Program Files\Python\Lib\site-packages\django\db\backends\sqlite3\base.py", line 328, in execute
    return super().execute(query, params)
           ~~~~~~~~~~~~~~~^^^^^^^^^^^^^^^
sqlite3.OperationalError: no such column: bookings_worker.working_hours_start

The above exception was the direct cause of the following exception:

Traceback (most recent call last):
  File "E:\Program Files\Python\Lib\site-packages\django\core\handlers\exception.py", line 55, in inner
    response = get_response(request)
  File "E:\Program Files\Python\Lib\site-packages\django\core\handlers\base.py", line 197, in _get_response
    response = wrapped_callback(request, *callback_args, **callback_kwargs)
  File "D:\CursorProjects\SkySalonUpdated-main\SkySalonUpdated-main\bookings\views.py", line 20, in home
    return render(request, "bookings/home.html", {"workers": workers})
  File "E:\Program Files\Python\Lib\site-packages\django\shortcuts.py", line 24, in render
    content = loader.render_to_string(template_name, context, request, using=using)
  File "E:\Program Files\Python\Lib\site-packages\django\template\loader.py", line 62, in render_to_string
    return template.render(context, request)
           ~~~~~~~~~~~~~~~^^^^^^^^^^^^^^^^^^
  File "E:\Program Files\Python\Lib\site-packages\django\template\backends\django.py", line 61, in render
    return self.template.render(context)
           ~~~~~~~~~~~~~~~~~~~~^^^^^^^^^
  File "E:\Program Files\Python\Lib\site-packages\django\template\base.py", line 175, in render
    return self._render(context)
           ~~~~~~~~~~~~^^^^^^^^^
  File "E:\Program Files\Python\Lib\site-packages\django\template\base.py", line 167, in _render
    return self.nodelist.render(context)
           ~~~~~~~~~~~~~~~~~~~~^^^^^^^^^
  File "E:\Program Files\Python\Lib\site-packages\django\template\base.py", line 1005, in render
    return SafeString("".join([node.render_annotated(context) for node in self]))
                               ~~~~~~~~~~~~~~~~~~~~~^^^^^^^^^
  File "E:\Program Files\Python\Lib\site-packages\django\template\base.py", line 966, in render_annotated
    return self.render(context)
           ~~~~~~~~~~~^^^^^^^^^
  File "E:\Program Files\Python\Lib\site-packages\django\template\loader_tags.py", line 157, in render
    return compiled_parent._render(context)
           ~~~~~~~~~~~~~~~~~~~~~~~^^^^^^^^^
  File "E:\Program Files\Python\Lib\site-packages\django\template\base.py", line 167, in _render
    return self.nodelist.render(context)
           ~~~~~~~~~~~~~~~~~~~~^^^^^^^^^
  File "E:\Program Files\Python\Lib\site-packages\django\template\base.py", line 1005, in render
    return SafeString("".join([node.render_annotated(context) for node in self]))
                               ~~~~~~~~~~~~~~~~~~~~~^^^^^^^^^
  File "E:\Program Files\Python\Lib\site-packages\django\template\base.py", line 966, in render_annotated
    return self.render(context)
           ~~~~~~~~~~~^^^^^^^^^
  File "E:\Program Files\Python\Lib\site-packages\django\template\loader_tags.py", line 63, in render
    result = block.nodelist.render(context)
  File "E:\Program Files\Python\Lib\site-packages\django\template\base.py", line 1005, in render
    return SafeString("".join([node.render_annotated(context) for node in self]))
                               ~~~~~~~~~~~~~~~~~~~~~^^^^^^^^^
  File "E:\Program Files\Python\Lib\site-packages\django\template\base.py", line 966, in render_annotated
    return self.render(context)
           ~~~~~~~~~~~^^^^^^^^^
  File "E:\Program Files\Python\Lib\site-packages\django\template\defaulttags.py", line 194, in render
    len_values = len(values)
  File "E:\Program Files\Python\Lib\site-packages\django\db\models\query.py", line 380, in __len__
    self._fetch_all()
    ~~~~~~~~~~~~~~~^^
  File "E:\Program Files\Python\Lib\site-packages\django\db\models\query.py", line 1881, in _fetch_all
    self._result_cache = list(self._iterable_class(self))
                         ~~~~^^^^^^^^^^^^^^^^^^^^^^^^^^^^
  File "E:\Program Files\Python\Lib\site-packages\django\db\models\query.py", line 91, in __iter__
    results = compiler.execute_sql(
        chunked_fetch=self.chunked_fetch, chunk_size=self.chunk_size
    )
  File "E:\Program Files\Python\Lib\site-packages\django\db\models\sql\compiler.py", line 1562, in execute_sql
    cursor.execute(sql, params)
    ~~~~~~~~~~~~~~^^^^^^^^^^^^^
  File "E:\Program Files\Python\Lib\site-packages\django\db\backends\utils.py", line 102, in execute
    return super().execute(sql, params)
           ~~~~~~~~~~~~~~~^^^^^^^^^^^^^
  File "E:\Program Files\Python\Lib\site-packages\django\db\backends\utils.py", line 67, in execute
    return self._execute_with_wrappers(
           ~~~~~~~~~~~~~~~~~~~~~~~~~~~^
        sql, params, many=False, executor=self._execute
        ^^^^^^^^^^^^^^^^^^^^^^^^^^^^^^^^^^^^^^^^^^^^^^^
    )
    ^
  File "E:\Program Files\Python\Lib\site-packages\django\db\backends\utils.py", line 80, in _execute_with_wrappers
    return executor(sql, params, many, context)
  File "E:\Program Files\Python\Lib\site-packages\django\db\backends\utils.py", line 84, in _execute
    with self.db.wrap_database_errors:
         ^^^^^^^^^^^^^^^^^^^^^^^^^^^^
  File "E:\Program Files\Python\Lib\site-packages\django\db\utils.py", line 91, in __exit__
    raise dj_exc_value.with_traceback(traceback) from exc_value
  File "E:\Program Files\Python\Lib\site-packages\django\db\backends\utils.py", line 89, in _execute
    return self.cursor.execute(sql, params)
           ~~~~~~~~~~~~~~~~~~~^^^^^^^^^^^^^
  File "E:\Program Files\Python\Lib\site-packages\django\db\backends\sqlite3\base.py", line 328, in execute
    return super().execute(query, params)
           ~~~~~~~~~~~~~~~^^^^^^^^^^^^^^^
django.db.utils.OperationalError: no such column: bookings_worker.working_hours_start
[2025-12-22 10:02:07,894] ERROR django.server:212 "GET / HTTP/1.1" 500 204325
[2025-12-22 10:02:13,368] ERROR django.request:241 Internal Server Error: /
Traceback (most recent call last):
  File "E:\Program Files\Python\Lib\site-packages\django\db\backends\utils.py", line 89, in _execute
    return self.cursor.execute(sql, params)
           ~~~~~~~~~~~~~~~~~~~^^^^^^^^^^^^^
  File "E:\Program Files\Python\Lib\site-packages\django\db\backends\sqlite3\base.py", line 328, in execute
    return super().execute(query, params)
           ~~~~~~~~~~~~~~~^^^^^^^^^^^^^^^
sqlite3.OperationalError: no such column: bookings_worker.working_hours_start

The above exception was the direct cause of the following exception:

Traceback (most recent call last):
  File "E:\Program Files\Python\Lib\site-packages\django\core\handlers\exception.py", line 55, in inner
    response = get_response(request)
  File "E:\Program Files\Python\Lib\site-packages\django\core\handlers\base.py", line 197, in _get_response
    response = wrapped_callback(request, *callback_args, **callback_kwargs)
  File "D:\CursorProjects\SkySalonUpdated-main\SkySalonUpdated-main\bookings\views.py", line 20, in home
    return render(request, "bookings/home.html", {"workers": workers})
  File "E:\Program Files\Python\Lib\site-packages\django\shortcuts.py", line 24, in render
    content = loader.render_to_string(template_name, context, request, using=using)
  File "E:\Program Files\Python\Lib\site-packages\django\template\loader.py", line 62, in render_to_string
    return template.render(context, request)
           ~~~~~~~~~~~~~~~^^^^^^^^^^^^^^^^^^
  File "E:\Program Files\Python\Lib\site-packages\django\template\backends\django.py", line 61, in render
    return self.template.render(context)
           ~~~~~~~~~~~~~~~~~~~~^^^^^^^^^
  File "E:\Program Files\Python\Lib\site-packages\django\template\base.py", line 175, in render
    return self._render(context)
           ~~~~~~~~~~~~^^^^^^^^^
  File "E:\Program Files\Python\Lib\site-packages\django\template\base.py", line 167, in _render
    return self.nodelist.render(context)
           ~~~~~~~~~~~~~~~~~~~~^^^^^^^^^
  File "E:\Program Files\Python\Lib\site-packages\django\template\base.py", line 1005, in render
    return SafeString("".join([node.render_annotated(context) for node in self]))
                               ~~~~~~~~~~~~~~~~~~~~~^^^^^^^^^
  File "E:\Program Files\Python\Lib\site-packages\django\template\base.py", line 966, in render_annotated
    return self.render(context)
           ~~~~~~~~~~~^^^^^^^^^
  File "E:\Program Files\Python\Lib\site-packages\django\template\loader_tags.py", line 157, in render
    return compiled_parent._render(context)
           ~~~~~~~~~~~~~~~~~~~~~~~^^^^^^^^^
  File "E:\Program Files\Python\Lib\site-packages\django\template\base.py", line 167, in _render
    return self.nodelist.render(context)
           ~~~~~~~~~~~~~~~~~~~~^^^^^^^^^
  File "E:\Program Files\Python\Lib\site-packages\django\template\base.py", line 1005, in render
    return SafeString("".join([node.render_annotated(context) for node in self]))
                               ~~~~~~~~~~~~~~~~~~~~~^^^^^^^^^
  File "E:\Program Files\Python\Lib\site-packages\django\template\base.py", line 966, in render_annotated
    return self.render(context)
           ~~~~~~~~~~~^^^^^^^^^
  File "E:\Program Files\Python\Lib\site-packages\django\template\loader_tags.py", line 63, in render
    result = block.nodelist.render(context)
  File "E:\Program Files\Python\Lib\site-packages\django\template\base.py", line 1005, in render
    return SafeString("".join([node.render_annotated(context) for node in self]))
                               ~~~~~~~~~~~~~~~~~~~~~^^^^^^^^^
  File "E:\Program Files\Python\Lib\site-packages\django\template\base.py", line 966, in render_annotated
    return self.render(context)
           ~~~~~~~~~~~^^^^^^^^^
  File "E:\Program Files\Python\Lib\site-packages\django\template\defaulttags.py", line 194, in render
    len_values = len(values)
  File "E:\Program Files\Python\Lib\site-packages\django\db\models\query.py", line 380, in __len__
    self._fetch_all()
    ~~~~~~~~~~~~~~~^^
  File "E:\Program Files\Python\Lib\site-packages\django\db\models\query.py", line 1881, in _fetch_all
    self._result_cache = list(self._iterable_class(self))
                         ~~~~^^^^^^^^^^^^^^^^^^^^^^^^^^^^
  File "E:\Program Files\Python\Lib\site-packages\django\db\models\query.py", line 91, in __iter__
    results = compiler.execute_sql(
        chunked_fetch=self.chunked_fetch, chunk_size=self.chunk_size
    )
  File "E:\Program Files\Python\Lib\site-packages\django\db\models\sql\compiler.py", line 1562, in execute_sql
    cursor.execute(sql, params)
    ~~~~~~~~~~~~~~^^^^^^^^^^^^^
  File "E:\Program Files\Python\Lib\site-packages\django\db\backends\utils.py", line 102, in execute
    return super().execute(sql, params)
           ~~~~~~~~~~~~~~~^^^^^^^^^^^^^
  File "E:\Program Files\Python\Lib\site-packages\django\db\backends\utils.py", line 67, in execute
    return self._execute_with_wrappers(
           ~~~~~~~~~~~~~~~~~~~~~~~~~~~^
        sql, params, many=False, executor=self._execute
        ^^^^^^^^^^^^^^^^^^^^^^^^^^^^^^^^^^^^^^^^^^^^^^^
    )
    ^
  File "E:\Program Files\Python\Lib\site-packages\django\db\backends\utils.py", line 80, in _execute_with_wrappers
    return executor(sql, params, many, context)
  File "E:\Program Files\Python\Lib\site-packages\django\db\backends\utils.py", line 84, in _execute
    with self.db.wrap_database_errors:
         ^^^^^^^^^^^^^^^^^^^^^^^^^^^^
  File "E:\Program Files\Python\Lib\site-packages\django\db\utils.py", line 91, in __exit__
    raise dj_exc_value.with_traceback(traceback) from exc_value
  File "E:\Program Files\Python\Lib\site-packages\django\db\backends\utils.py", line 89, in _execute
    return self.cursor.execute(sql, params)
           ~~~~~~~~~~~~~~~~~~~^^^^^^^^^^^^^
  File "E:\Program Files\Python\Lib\site-packages\django\db\backends\sqlite3\base.py", line 328, in execute
    return super().execute(query, params)
           ~~~~~~~~~~~~~~~^^^^^^^^^^^^^^^
django.db.utils.OperationalError: no such column: bookings_worker.working_hours_start
[2025-12-22 10:02:13,374] ERROR django.server:212 "GET / HTTP/1.1" 500 204462
[2025-12-22 10:02:57,915] INFO django.utils.autoreload:266 D:\CursorProjects\SkySalonUpdated-main\SkySalonUpdated-main\bookings\views.py changed, reloading.
[2025-12-22 10:02:58,519] INFO django.utils.autoreload:668 Watching for file changes with StatReloader
[2025-12-22 10:02:58,728] ERROR django.request:241 Internal Server Error: /
Traceback (most recent call last):
  File "E:\Program Files\Python\Lib\site-packages\django\db\backends\utils.py", line 89, in _execute
    return self.cursor.execute(sql, params)
           ~~~~~~~~~~~~~~~~~~~^^^^^^^^^^^^^
  File "E:\Program Files\Python\Lib\site-packages\django\db\backends\sqlite3\base.py", line 328, in execute
    return super().execute(query, params)
           ~~~~~~~~~~~~~~~^^^^^^^^^^^^^^^
sqlite3.OperationalError: no such column: bookings_worker.working_hours_start

The above exception was the direct cause of the following exception:

Traceback (most recent call last):
  File "E:\Program Files\Python\Lib\site-packages\django\core\handlers\exception.py", line 55, in inner
    response = get_response(request)
  File "E:\Program Files\Python\Lib\site-packages\django\core\handlers\base.py", line 197, in _get_response
    response = wrapped_callback(request, *callback_args, **callback_kwargs)
  File "D:\CursorProjects\SkySalonUpdated-main\SkySalonUpdated-main\bookings\views.py", line 24, in home
    return render(request, "bookings/home.html", {"workers": workers})
  File "E:\Program Files\Python\Lib\site-packages\django\shortcuts.py", line 24, in render
    content = loader.render_to_string(template_name, context, request, using=using)
  File "E:\Program Files\Python\Lib\site-packages\django\template\loader.py", line 62, in render_to_string
    return template.render(context, request)
           ~~~~~~~~~~~~~~~^^^^^^^^^^^^^^^^^^
  File "E:\Program Files\Python\Lib\site-packages\django\template\backends\django.py", line 61, in render
    return self.template.render(context)
           ~~~~~~~~~~~~~~~~~~~~^^^^^^^^^
  File "E:\Program Files\Python\Lib\site-packages\django\template\base.py", line 175, in render
    return self._render(context)
           ~~~~~~~~~~~~^^^^^^^^^
  File "E:\Program Files\Python\Lib\site-packages\django\template\base.py", line 167, in _render
    return self.nodelist.render(context)
           ~~~~~~~~~~~~~~~~~~~~^^^^^^^^^
  File "E:\Program Files\Python\Lib\site-packages\django\template\base.py", line 1005, in render
    return SafeString("".join([node.render_annotated(context) for node in self]))
                               ~~~~~~~~~~~~~~~~~~~~~^^^^^^^^^
  File "E:\Program Files\Python\Lib\site-packages\django\template\base.py", line 966, in render_annotated
    return self.render(context)
           ~~~~~~~~~~~^^^^^^^^^
  File "E:\Program Files\Python\Lib\site-packages\django\template\loader_tags.py", line 157, in render
    return compiled_parent._render(context)
           ~~~~~~~~~~~~~~~~~~~~~~~^^^^^^^^^
  File "E:\Program Files\Python\Lib\site-packages\django\template\base.py", line 167, in _render
    return self.nodelist.render(context)
           ~~~~~~~~~~~~~~~~~~~~^^^^^^^^^
  File "E:\Program Files\Python\Lib\site-packages\django\template\base.py", line 1005, in render
    return SafeString("".join([node.render_annotated(context) for node in self]))
                               ~~~~~~~~~~~~~~~~~~~~~^^^^^^^^^
  File "E:\Program Files\Python\Lib\site-packages\django\template\base.py", line 966, in render_annotated
    return self.render(context)
           ~~~~~~~~~~~^^^^^^^^^
  File "E:\Program Files\Python\Lib\site-packages\django\template\loader_tags.py", line 63, in render
    result = block.nodelist.render(context)
  File "E:\Program Files\Python\Lib\site-packages\django\template\base.py", line 1005, in render
    return SafeString("".join([node.render_annotated(context) for node in self]))
                               ~~~~~~~~~~~~~~~~~~~~~^^^^^^^^^
  File "E:\Program Files\Python\Lib\site-packages\django\template\base.py", line 966, in render_annotated
    return self.render(context)
           ~~~~~~~~~~~^^^^^^^^^
  File "E:\Program Files\Python\Lib\site-packages\django\template\defaulttags.py", line 194, in render
    len_values = len(values)
  File "E:\Program Files\Python\Lib\site-packages\django\db\models\query.py", line 380, in __len__
    self._fetch_all()
    ~~~~~~~~~~~~~~~^^
  File "E:\Program Files\Python\Lib\site-packages\django\db\models\query.py", line 1881, in _fetch_all
    self._result_cache = list(self._iterable_class(self))
                         ~~~~^^^^^^^^^^^^^^^^^^^^^^^^^^^^
  File "E:\Program Files\Python\Lib\site-packages\django\db\models\query.py", line 91, in __iter__
    results = compiler.execute_sql(
        chunked_fetch=self.chunked_fetch, chunk_size=self.chunk_size
    )
  File "E:\Program Files\Python\Lib\site-packages\django\db\models\sql\compiler.py", line 1562, in execute_sql
    cursor.execute(sql, params)
    ~~~~~~~~~~~~~~^^^^^^^^^^^^^
  File "E:\Program Files\Python\Lib\site-packages\django\db\backends\utils.py", line 102, in execute
    return super().execute(sql, params)
           ~~~~~~~~~~~~~~~^^^^^^^^^^^^^
  File "E:\Program Files\Python\Lib\site-packages\django\db\backends\utils.py", line 67, in execute
    return self._execute_with_wrappers(
           ~~~~~~~~~~~~~~~~~~~~~~~~~~~^
        sql, params, many=False, executor=self._execute
        ^^^^^^^^^^^^^^^^^^^^^^^^^^^^^^^^^^^^^^^^^^^^^^^
    )
    ^
  File "E:\Program Files\Python\Lib\site-packages\django\db\backends\utils.py", line 80, in _execute_with_wrappers
    return executor(sql, params, many, context)
  File "E:\Program Files\Python\Lib\site-packages\django\db\backends\utils.py", line 84, in _execute
    with self.db.wrap_database_errors:
         ^^^^^^^^^^^^^^^^^^^^^^^^^^^^
  File "E:\Program Files\Python\Lib\site-packages\django\db\utils.py", line 91, in __exit__
    raise dj_exc_value.with_traceback(traceback) from exc_value
  File "E:\Program Files\Python\Lib\site-packages\django\db\backends\utils.py", line 89, in _execute
    return self.cursor.execute(sql, params)
           ~~~~~~~~~~~~~~~~~~~^^^^^^^^^^^^^
  File "E:\Program Files\Python\Lib\site-packages\django\db\backends\sqlite3\base.py", line 328, in execute
    return super().execute(query, params)
           ~~~~~~~~~~~~~~~^^^^^^^^^^^^^^^
django.db.utils.OperationalError: no such column: bookings_worker.working_hours_start
[2025-12-22 10:02:58,740] ERROR django.server:212 "GET / HTTP/1.1" 500 204310
[2025-12-22 10:04:43,046] ERROR django.request:241 Internal Server Error: /
Traceback (most recent call last):
  File "E:\Program Files\Python\Lib\site-packages\django\db\backends\utils.py", line 89, in _execute
    return self.cursor.execute(sql, params)
           ~~~~~~~~~~~~~~~~~~~^^^^^^^^^^^^^
  File "E:\Program Files\Python\Lib\site-packages\django\db\backends\sqlite3\base.py", line 328, in execute
    return super().execute(query, params)
           ~~~~~~~~~~~~~~~^^^^^^^^^^^^^^^
sqlite3.OperationalError: no such column: bookings_worker.working_hours_start

The above exception was the direct cause of the following exception:

Traceback (most recent call last):
  File "E:\Program Files\Python\Lib\site-packages\django\core\handlers\exception.py", line 55, in inner
    response = get_response(request)
  File "E:\Program Files\Python\Lib\site-packages\django\core\handlers\base.py", line 197, in _get_response
    response = wrapped_callback(request, *callback_args, **callback_kwargs)
  File "D:\CursorProjects\SkySalonUpdated-main\SkySalonUpdated-main\bookings\views.py", line 24, in home
    return render(request, "bookings/home.html", {"workers": workers})
  File "E:\Program Files\Python\Lib\site-packages\django\shortcuts.py", line 24, in render
    content = loader.render_to_string(template_name, context, request, using=using)
  File "E:\Program Files\Python\Lib\site-packages\django\template\loader.py", line 62, in render_to_string
    return template.render(context, request)
           ~~~~~~~~~~~~~~~^^^^^^^^^^^^^^^^^^
  File "E:\Program Files\Python\Lib\site-packages\django\template\backends\django.py", line 61, in render
    return self.template.render(context)
           ~~~~~~~~~~~~~~~~~~~~^^^^^^^^^
  File "E:\Program Files\Python\Lib\site-packages\django\template\base.py", line 175, in render
    return self._render(context)
           ~~~~~~~~~~~~^^^^^^^^^
  File "E:\Program Files\Python\Lib\site-packages\django\template\base.py", line 167, in _render
    return self.nodelist.render(context)
           ~~~~~~~~~~~~~~~~~~~~^^^^^^^^^
  File "E:\Program Files\Python\Lib\site-packages\django\template\base.py", line 1005, in render
    return SafeString("".join([node.render_annotated(context) for node in self]))
                               ~~~~~~~~~~~~~~~~~~~~~^^^^^^^^^
  File "E:\Program Files\Python\Lib\site-packages\django\template\base.py", line 966, in render_annotated
    return self.render(context)
           ~~~~~~~~~~~^^^^^^^^^
  File "E:\Program Files\Python\Lib\site-packages\django\template\loader_tags.py", line 157, in render
    return compiled_parent._render(context)
           ~~~~~~~~~~~~~~~~~~~~~~~^^^^^^^^^
  File "E:\Program Files\Python\Lib\site-packages\django\template\base.py", line 167, in _render
    return self.nodelist.render(context)
           ~~~~~~~~~~~~~~~~~~~~^^^^^^^^^
  File "E:\Program Files\Python\Lib\site-packages\django\template\base.py", line 1005, in render
    return SafeString("".join([node.render_annotated(context) for node in self]))
                               ~~~~~~~~~~~~~~~~~~~~~^^^^^^^^^
  File "E:\Program Files\Python\Lib\site-packages\django\template\base.py", line 966, in render_annotated
    return self.render(context)
           ~~~~~~~~~~~^^^^^^^^^
  File "E:\Program Files\Python\Lib\site-packages\django\template\loader_tags.py", line 63, in render
    result = block.nodelist.render(context)
  File "E:\Program Files\Python\Lib\site-packages\django\template\base.py", line 1005, in render
    return SafeString("".join([node.render_annotated(context) for node in self]))
                               ~~~~~~~~~~~~~~~~~~~~~^^^^^^^^^
  File "E:\Program Files\Python\Lib\site-packages\django\template\base.py", line 966, in render_annotated
    return self.render(context)
           ~~~~~~~~~~~^^^^^^^^^
  File "E:\Program Files\Python\Lib\site-packages\django\template\defaulttags.py", line 194, in render
    len_values = len(values)
  File "E:\Program Files\Python\Lib\site-packages\django\db\models\query.py", line 380, in __len__
    self._fetch_all()
    ~~~~~~~~~~~~~~~^^
  File "E:\Program Files\Python\Lib\site-packages\django\db\models\query.py", line 1881, in _fetch_all
    self._result_cache = list(self._iterable_class(self))
                         ~~~~^^^^^^^^^^^^^^^^^^^^^^^^^^^^
  File "E:\Program Files\Python\Lib\site-packages\django\db\models\query.py", line 91, in __iter__
    results = compiler.execute_sql(
        chunked_fetch=self.chunked_fetch, chunk_size=self.chunk_size
    )
  File "E:\Program Files\Python\Lib\site-packages\django\db\models\sql\compiler.py", line 1562, in execute_sql
    cursor.execute(sql, params)
    ~~~~~~~~~~~~~~^^^^^^^^^^^^^
  File "E:\Program Files\Python\Lib\site-packages\django\db\backends\utils.py", line 102, in execute
    return super().execute(sql, params)
           ~~~~~~~~~~~~~~~^^^^^^^^^^^^^
  File "E:\Program Files\Python\Lib\site-packages\django\db\backends\utils.py", line 67, in execute
    return self._execute_with_wrappers(
           ~~~~~~~~~~~~~~~~~~~~~~~~~~~^
        sql, params, many=False, executor=self._execute
        ^^^^^^^^^^^^^^^^^^^^^^^^^^^^^^^^^^^^^^^^^^^^^^^
    )
    ^
  File "E:\Program Files\Python\Lib\site-packages\django\db\backends\utils.py", line 80, in _execute_with_wrappers
    return executor(sql, params, many, context)
  File "E:\Program Files\Python\Lib\site-packages\django\db\backends\utils.py", line 84, in _execute
    with self.db.wrap_database_errors:
         ^^^^^^^^^^^^^^^^^^^^^^^^^^^^
  File "E:\Program Files\Python\Lib\site-packages\django\db\utils.py", line 91, in __exit__
    raise dj_exc_value.with_traceback(traceback) from exc_value
  File "E:\Program Files\Python\Lib\site-packages\django\db\backends\utils.py", line 89, in _execute
    return self.cursor.execute(sql, params)
           ~~~~~~~~~~~~~~~~~~~^^^^^^^^^^^^^
  File "E:\Program Files\Python\Lib\site-packages\django\db\backends\sqlite3\base.py", line 328, in execute
    return super().execute(query, params)
           ~~~~~~~~~~~~~~~^^^^^^^^^^^^^^^
django.db.utils.OperationalError: no such column: bookings_worker.working_hours_start
[2025-12-22 10:04:43,052] ERROR django.server:212 "GET / HTTP/1.1" 500 204310
[2025-12-22 10:05:01,235] ERROR django.request:241 Internal Server Error: /
Traceback (most recent call last):
  File "E:\Program Files\Python\Lib\site-packages\django\db\backends\utils.py", line 89, in _execute
    return self.cursor.execute(sql, params)
           ~~~~~~~~~~~~~~~~~~~^^^^^^^^^^^^^
  File "E:\Program Files\Python\Lib\site-packages\django\db\backends\sqlite3\base.py", line 328, in execute
    return super().execute(query, params)
           ~~~~~~~~~~~~~~~^^^^^^^^^^^^^^^
sqlite3.OperationalError: no such column: bookings_worker.working_hours_start

The above exception was the direct cause of the following exception:

Traceback (most recent call last):
  File "E:\Program Files\Python\Lib\site-packages\django\core\handlers\exception.py", line 55, in inner
    response = get_response(request)
  File "E:\Program Files\Python\Lib\site-packages\django\core\handlers\base.py", line 197, in _get_response
    response = wrapped_callback(request, *callback_args, **callback_kwargs)
  File "D:\CursorProjects\SkySalonUpdated-main\SkySalonUpdated-main\bookings\views.py", line 24, in home
    return render(request, "bookings/home.html", {"workers": workers})
  File "E:\Program Files\Python\Lib\site-packages\django\shortcuts.py", line 24, in render
    content = loader.render_to_string(template_name, context, request, using=using)
  File "E:\Program Files\Python\Lib\site-packages\django\template\loader.py", line 62, in render_to_string
    return template.render(context, request)
           ~~~~~~~~~~~~~~~^^^^^^^^^^^^^^^^^^
  File "E:\Program Files\Python\Lib\site-packages\django\template\backends\django.py", line 61, in render
    return self.template.render(context)
           ~~~~~~~~~~~~~~~~~~~~^^^^^^^^^
  File "E:\Program Files\Python\Lib\site-packages\django\template\base.py", line 175, in render
    return self._render(context)
           ~~~~~~~~~~~~^^^^^^^^^
  File "E:\Program Files\Python\Lib\site-packages\django\template\base.py", line 167, in _render
    return self.nodelist.render(context)
           ~~~~~~~~~~~~~~~~~~~~^^^^^^^^^
  File "E:\Program Files\Python\Lib\site-packages\django\template\base.py", line 1005, in render
    return SafeString("".join([node.render_annotated(context) for node in self]))
                               ~~~~~~~~~~~~~~~~~~~~~^^^^^^^^^
  File "E:\Program Files\Python\Lib\site-packages\django\template\base.py", line 966, in render_annotated
    return self.render(context)
           ~~~~~~~~~~~^^^^^^^^^
  File "E:\Program Files\Python\Lib\site-packages\django\template\loader_tags.py", line 157, in render
    return compiled_parent._render(context)
           ~~~~~~~~~~~~~~~~~~~~~~~^^^^^^^^^
  File "E:\Program Files\Python\Lib\site-packages\django\template\base.py", line 167, in _render
    return self.nodelist.render(context)
           ~~~~~~~~~~~~~~~~~~~~^^^^^^^^^
  File "E:\Program Files\Python\Lib\site-packages\django\template\base.py", line 1005, in render
    return SafeString("".join([node.render_annotated(context) for node in self]))
                               ~~~~~~~~~~~~~~~~~~~~~^^^^^^^^^
  File "E:\Program Files\Python\Lib\site-packages\django\template\base.py", line 966, in render_annotated
    return self.render(context)
           ~~~~~~~~~~~^^^^^^^^^
  File "E:\Program Files\Python\Lib\site-packages\django\template\loader_tags.py", line 63, in render
    result = block.nodelist.render(context)
  File "E:\Program Files\Python\Lib\site-packages\django\template\base.py", line 1005, in render
    return SafeString("".join([node.render_annotated(context) for node in self]))
                               ~~~~~~~~~~~~~~~~~~~~~^^^^^^^^^
  File "E:\Program Files\Python\Lib\site-packages\django\template\base.py", line 966, in render_annotated
    return self.render(context)
           ~~~~~~~~~~~^^^^^^^^^
  File "E:\Program Files\Python\Lib\site-packages\django\template\defaulttags.py", line 194, in render
    len_values = len(values)
  File "E:\Program Files\Python\Lib\site-packages\django\db\models\query.py", line 380, in __len__
    self._fetch_all()
    ~~~~~~~~~~~~~~~^^
  File "E:\Program Files\Python\Lib\site-packages\django\db\models\query.py", line 1881, in _fetch_all
    self._result_cache = list(self._iterable_class(self))
                         ~~~~^^^^^^^^^^^^^^^^^^^^^^^^^^^^
  File "E:\Program Files\Python\Lib\site-packages\django\db\models\query.py", line 91, in __iter__
    results = compiler.execute_sql(
        chunked_fetch=self.chunked_fetch, chunk_size=self.chunk_size
    )
  File "E:\Program Files\Python\Lib\site-packages\django\db\models\sql\compiler.py", line 1562, in execute_sql
    cursor.execute(sql, params)
    ~~~~~~~~~~~~~~^^^^^^^^^^^^^
  File "E:\Program Files\Python\Lib\site-packages\django\db\backends\utils.py", line 102, in execute
    return super().execute(sql, params)
           ~~~~~~~~~~~~~~~^^^^^^^^^^^^^
  File "E:\Program Files\Python\Lib\site-packages\django\db\backends\utils.py", line 67, in execute
    return self._execute_with_wrappers(
           ~~~~~~~~~~~~~~~~~~~~~~~~~~~^
        sql, params, many=False, executor=self._execute
        ^^^^^^^^^^^^^^^^^^^^^^^^^^^^^^^^^^^^^^^^^^^^^^^
    )
    ^
  File "E:\Program Files\Python\Lib\site-packages\django\db\backends\utils.py", line 80, in _execute_with_wrappers
    return executor(sql, params, many, context)
  File "E:\Program Files\Python\Lib\site-packages\django\db\backends\utils.py", line 84, in _execute
    with self.db.wrap_database_errors:
         ^^^^^^^^^^^^^^^^^^^^^^^^^^^^
  File "E:\Program Files\Python\Lib\site-packages\django\db\utils.py", line 91, in __exit__
    raise dj_exc_value.with_traceback(traceback) from exc_value
  File "E:\Program Files\Python\Lib\site-packages\django\db\backends\utils.py", line 89, in _execute
    return self.cursor.execute(sql, params)
           ~~~~~~~~~~~~~~~~~~~^^^^^^^^^^^^^
  File "E:\Program Files\Python\Lib\site-packages\django\db\backends\sqlite3\base.py", line 328, in execute
    return super().execute(query, params)
           ~~~~~~~~~~~~~~~^^^^^^^^^^^^^^^
django.db.utils.OperationalError: no such column: bookings_worker.working_hours_start
[2025-12-22 10:05:01,241] ERROR django.server:212 "GET / HTTP/1.1" 500 204310
[2025-12-22 10:05:54,691] INFO django.utils.autoreload:266 D:\CursorProjects\SkySalonUpdated-main\SkySalonUpdated-main\bookings\views.py changed, reloading.
[2025-12-22 10:05:55,240] INFO django.utils.autoreload:668 Watching for file changes with StatReloader
[2025-12-22 10:05:55,476] ERROR django.request:241 Internal Server Error: /
Traceback (most recent call last):
  File "E:\Program Files\Python\Lib\site-packages\django\db\backends\utils.py", line 89, in _execute
    return self.cursor.execute(sql, params)
           ~~~~~~~~~~~~~~~~~~~^^^^^^^^^^^^^
  File "E:\Program Files\Python\Lib\site-packages\django\db\backends\sqlite3\base.py", line 328, in execute
    return super().execute(query, params)
           ~~~~~~~~~~~~~~~^^^^^^^^^^^^^^^
sqlite3.OperationalError: no such column: bookings_worker.working_hours_start

The above exception was the direct cause of the following exception:

Traceback (most recent call last):
  File "E:\Program Files\Python\Lib\site-packages\django\core\handlers\exception.py", line 55, in inner
    response = get_response(request)
  File "E:\Program Files\Python\Lib\site-packages\django\core\handlers\base.py", line 197, in _get_response
    response = wrapped_callback(request, *callback_args, **callback_kwargs)
  File "D:\CursorProjects\SkySalonUpdated-main\SkySalonUpdated-main\bookings\views.py", line 24, in home
    return render(request, "bookings/home.html", {"workers": workers})
  File "E:\Program Files\Python\Lib\site-packages\django\shortcuts.py", line 24, in render
    content = loader.render_to_string(template_name, context, request, using=using)
  File "E:\Program Files\Python\Lib\site-packages\django\template\loader.py", line 62, in render_to_string
    return template.render(context, request)
           ~~~~~~~~~~~~~~~^^^^^^^^^^^^^^^^^^
  File "E:\Program Files\Python\Lib\site-packages\django\template\backends\django.py", line 61, in render
    return self.template.render(context)
           ~~~~~~~~~~~~~~~~~~~~^^^^^^^^^
  File "E:\Program Files\Python\Lib\site-packages\django\template\base.py", line 175, in render
    return self._render(context)
           ~~~~~~~~~~~~^^^^^^^^^
  File "E:\Program Files\Python\Lib\site-packages\django\template\base.py", line 167, in _render
    return self.nodelist.render(context)
           ~~~~~~~~~~~~~~~~~~~~^^^^^^^^^
  File "E:\Program Files\Python\Lib\site-packages\django\template\base.py", line 1005, in render
    return SafeString("".join([node.render_annotated(context) for node in self]))
                               ~~~~~~~~~~~~~~~~~~~~~^^^^^^^^^
  File "E:\Program Files\Python\Lib\site-packages\django\template\base.py", line 966, in render_annotated
    return self.render(context)
           ~~~~~~~~~~~^^^^^^^^^
  File "E:\Program Files\Python\Lib\site-packages\django\template\loader_tags.py", line 157, in render
    return compiled_parent._render(context)
           ~~~~~~~~~~~~~~~~~~~~~~~^^^^^^^^^
  File "E:\Program Files\Python\Lib\site-packages\django\template\base.py", line 167, in _render
    return self.nodelist.render(context)
           ~~~~~~~~~~~~~~~~~~~~^^^^^^^^^
  File "E:\Program Files\Python\Lib\site-packages\django\template\base.py", line 1005, in render
    return SafeString("".join([node.render_annotated(context) for node in self]))
                               ~~~~~~~~~~~~~~~~~~~~~^^^^^^^^^
  File "E:\Program Files\Python\Lib\site-packages\django\template\base.py", line 966, in render_annotated
    return self.render(context)
           ~~~~~~~~~~~^^^^^^^^^
  File "E:\Program Files\Python\Lib\site-packages\django\template\loader_tags.py", line 63, in render
    result = block.nodelist.render(context)
  File "E:\Program Files\Python\Lib\site-packages\django\template\base.py", line 1005, in render
    return SafeString("".join([node.render_annotated(context) for node in self]))
                               ~~~~~~~~~~~~~~~~~~~~~^^^^^^^^^
  File "E:\Program Files\Python\Lib\site-packages\django\template\base.py", line 966, in render_annotated
    return self.render(context)
           ~~~~~~~~~~~^^^^^^^^^
  File "E:\Program Files\Python\Lib\site-packages\django\template\defaulttags.py", line 194, in render
    len_values = len(values)
  File "E:\Program Files\Python\Lib\site-packages\django\db\models\query.py", line 380, in __len__
    self._fetch_all()
    ~~~~~~~~~~~~~~~^^
  File "E:\Program Files\Python\Lib\site-packages\django\db\models\query.py", line 1881, in _fetch_all
    self._result_cache = list(self._iterable_class(self))
                         ~~~~^^^^^^^^^^^^^^^^^^^^^^^^^^^^
  File "E:\Program Files\Python\Lib\site-packages\django\db\models\query.py", line 91, in __iter__
    results = compiler.execute_sql(
        chunked_fetch=self.chunked_fetch, chunk_size=self.chunk_size
    )
  File "E:\Program Files\Python\Lib\site-packages\django\db\models\sql\compiler.py", line 1562, in execute_sql
    cursor.execute(sql, params)
    ~~~~~~~~~~~~~~^^^^^^^^^^^^^
  File "E:\Program Files\Python\Lib\site-packages\django\db\backends\utils.py", line 102, in execute
    return super().execute(sql, params)
           ~~~~~~~~~~~~~~~^^^^^^^^^^^^^
  File "E:\Program Files\Python\Lib\site-packages\django\db\backends\utils.py", line 67, in execute
    return self._execute_with_wrappers(
           ~~~~~~~~~~~~~~~~~~~~~~~~~~~^
        sql, params, many=False, executor=self._execute
        ^^^^^^^^^^^^^^^^^^^^^^^^^^^^^^^^^^^^^^^^^^^^^^^
    )
    ^
  File "E:\Program Files\Python\Lib\site-packages\django\db\backends\utils.py", line 80, in _execute_with_wrappers
    return executor(sql, params, many, context)
  File "E:\Program Files\Python\Lib\site-packages\django\db\backends\utils.py", line 84, in _execute
    with self.db.wrap_database_errors:
         ^^^^^^^^^^^^^^^^^^^^^^^^^^^^
  File "E:\Program Files\Python\Lib\site-packages\django\db\utils.py", line 91, in __exit__
    raise dj_exc_value.with_traceback(traceback) from exc_value
  File "E:\Program Files\Python\Lib\site-packages\django\db\backends\utils.py", line 89, in _execute
    return self.cursor.execute(sql, params)
           ~~~~~~~~~~~~~~~~~~~^^^^^^^^^^^^^
  File "E:\Program Files\Python\Lib\site-packages\django\db\backends\sqlite3\base.py", line 328, in execute
    return super().execute(query, params)
           ~~~~~~~~~~~~~~~^^^^^^^^^^^^^^^
django.db.utils.OperationalError: no such column: bookings_worker.working_hours_start
[2025-12-22 10:05:55,485] ERROR django.server:212 "GET / HTTP/1.1" 500 204310
[2025-12-22 10:08:33,799] INFO django.utils.autoreload:668 Watching for file changes with StatReloader
[2025-12-22 10:08:33,990] INFO django.server:212 "GET / HTTP/1.1" 200 2734
[2025-12-22 10:08:37,239] INFO django.server:212 "GET / HTTP/1.1" 200 2734
[2025-12-22 10:08:38,673] INFO django.server:212 "GET /book/ HTTP/1.1" 200 3381
[2025-12-22 10:08:46,665] INFO django.server:212 "GET /book/ HTTP/1.1" 200 3381
[2025-12-22 10:08:47,288] INFO django.server:212 "GET /book/ HTTP/1.1" 200 3381
[2025-12-22 10:08:50,193] INFO django.server:212 "GET /calendar/ HTTP/1.1" 200 5890
[2025-12-22 10:08:52,170] INFO django.server:212 "GET /calendar/?month=&worker=1 HTTP/1.1" 200 6402
[2025-12-22 10:08:54,267] INFO django.server:212 "GET /calendar/?month=2025-12&worker=1&service=1 HTTP/1.1" 200 12594
[2025-12-22 10:08:58,268] INFO django.server:212 "GET /calendar/?worker=1&service=1&month=2025-12&date=2025-12-24 HTTP/1.1" 200 20883
[2025-12-22 10:09:11,343] INFO django.server:212 "GET / HTTP/1.1" 200 2734
[2025-12-22 10:09:12,049] INFO django.server:212 "GET /admin/ HTTP/1.1" 200 10220
[2025-12-22 10:09:14,184] INFO django.server:212 "GET /admin/bookings/booking/ HTTP/1.1" 200 13876
[2025-12-22 10:09:14,210] INFO django.server:212 "GET /admin/jsi18n/ HTTP/1.1" 200 3343
[2025-12-22 10:09:17,852] INFO django.server:212 "GET /calendar/?worker=1&service=1&month=2025-12&date=2025-12-23 HTTP/1.1" 200 20190
[2025-12-22 10:14:05,940] INFO django.server:212 "GET /calendar/?worker=1&service=1&month=2025-12&date=2025-12-23 HTTP/1.1" 200 20127
[2025-12-22 10:14:13,890] INFO django.utils.autoreload:266 D:\CursorProjects\SkySalonUpdated-main\SkySalonUpdated-main\bookings\views.py changed, reloading.
[2025-12-22 10:14:14,559] INFO django.utils.autoreload:668 Watching for file changes with StatReloader
[2025-12-22 10:14:14,989] INFO django.server:212 "GET /calendar/?worker=1&service=1&month=2025-12&date=2025-12-23 HTTP/1.1" 200 25096
[2025-12-22 10:14:16,835] INFO django.utils.autoreload:266 D:\CursorProjects\SkySalonUpdated-main\SkySalonUpdated-main\bookings\views.py changed, reloading.
[2025-12-22 10:14:17,511] INFO django.utils.autoreload:668 Watching for file changes with StatReloader
[2025-12-22 10:14:17,911] INFO django.server:212 "GET /calendar/?worker=1&service=1&month=2025-12&date=2025-12-23 HTTP/1.1" 200 25096
[2025-12-22 10:14:25,988] INFO django.server:212 "GET /calendar/?worker=1&service=1&month=2025-12&date=2025-12-23 HTTP/1.1" 200 16640
[2025-12-22 10:14:33,075] INFO django.server:212 "GET /calendar/?worker=1&service=1&month=2025-12&date=2025-12-23 HTTP/1.1" 200 16981
[2025-12-22 10:14:52,141] INFO django.utils.autoreload:266 D:\CursorProjects\SkySalonUpdated-main\SkySalonUpdated-main\bookings\views.py changed, reloading.
[2025-12-22 10:14:52,620] INFO django.utils.autoreload:668 Watching for file changes with StatReloader
[2025-12-22 10:14:52,928] INFO django.server:212 "GET /calendar/?worker=1&service=1&month=2025-12&date=2025-12-23 HTTP/1.1" 200 16981
[2025-12-22 10:15:05,088] INFO django.server:212 "GET / HTTP/1.1" 200 2671
[2025-12-22 10:15:06,157] INFO django.server:212 "GET /calendar/ HTTP/1.1" 200 6168
[2025-12-22 10:15:07,604] INFO django.server:212 "GET /calendar/?month=&worker=1 HTTP/1.1" 200 6680
[2025-12-22 10:15:09,374] INFO django.server:212 "GET /calendar/?month=2025-12&worker=1&service=2 HTTP/1.1" 200 12872
[2025-12-22 10:15:11,462] INFO django.server:212 "GET /calendar/?worker=1&service=2&month=2025-12&date=2025-12-23 HTTP/1.1" 200 16283
[2025-12-22 10:15:32,246] INFO django.server:212 "GET /book/?worker=1&service=2&date=2025-12-23&time=13:30 HTTP/1.1" 200 3351
[2025-12-22 10:15:41,813] INFO django.server:212 "GET /calendar/ HTTP/1.1" 200 6168
[2025-12-22 10:15:43,293] INFO django.server:212 "GET /calendar/?month=&worker=1 HTTP/1.1" 200 6680
[2025-12-22 10:15:44,836] INFO django.server:212 "GET /calendar/?month=2025-12&worker=1&service=2 HTTP/1.1" 200 12872
[2025-12-22 10:15:50,745] INFO django.server:212 "GET /calendar/?worker=1&service=2&month=2025-12&date=2025-12-23 HTTP/1.1" 200 16283
[2025-12-22 10:16:02,455] INFO django.server:212 "GET /calendar/?month=2025-12&worker=1&service=1 HTTP/1.1" 200 12872
[2025-12-22 10:16:03,931] INFO django.server:212 "GET /calendar/?worker=1&service=1&month=2025-12&date=2025-12-23 HTTP/1.1" 200 16981
[2025-12-22 10:16:08,087] INFO django.server:212 "GET /book/?worker=1&service=1&date=2025-12-23&time=14:00 HTTP/1.1" 200 3351
[2025-12-22 10:17:56,728] INFO django.utils.autoreload:266 D:\CursorProjects\SkySalonUpdated-main\SkySalonUpdated-main\bookings\views.py changed, reloading.
[2025-12-22 10:17:57,311] INFO django.utils.autoreload:668 Watching for file changes with StatReloader
[2025-12-22 10:17:57,479] INFO django.server:212 "GET /book/?worker=1&service=1&date=2025-12-23&time=14:00 HTTP/1.1" 200 3351
[2025-12-22 10:18:11,814] INFO django.server:212 "GET /book/?worker=1&service=1&date=2025-12-23&time=14:00 HTTP/1.1" 200 4428
[2025-12-22 10:18:23,862] INFO django.utils.autoreload:266 D:\CursorProjects\SkySalonUpdated-main\SkySalonUpdated-main\bookings\views.py changed, reloading.
[2025-12-22 10:18:24,446] INFO django.utils.autoreload:668 Watching for file changes with StatReloader
[2025-12-22 10:18:24,605] INFO django.server:212 "GET /book/?worker=1&service=1&date=2025-12-23&time=14:00 HTTP/1.1" 200 4428
[2025-12-22 10:21:21,449] INFO django.server:212 "GET /calendar/ HTTP/1.1" 200 6168
[2025-12-22 10:21:22,994] INFO django.server:212 "GET /calendar/?month=&worker=1 HTTP/1.1" 200 6680
[2025-12-22 10:21:24,697] INFO django.server:212 "GET /calendar/?month=2025-12&worker=1&service=2 HTTP/1.1" 200 12872
[2025-12-22 10:21:26,574] INFO django.server:212 "GET /calendar/?worker=1&service=2&month=2025-12&date=2025-12-23 HTTP/1.1" 200 16283
[2025-12-22 10:21:28,558] INFO django.server:212 "GET /book/?worker=1&service=2&date=2025-12-23&time=13:30 HTTP/1.1" 200 4430
[2025-12-22 10:21:30,412] INFO django.server:212 "GET /calendar/?worker=1&service=2&month=2025-12 HTTP/1.1" 200 12872
[2025-12-22 10:21:32,468] INFO django.server:212 "GET /calendar/?worker=1&service=2&month=2025-12&date=2025-12-23 HTTP/1.1" 200 16283
[2025-12-22 10:21:33,892] INFO django.server:212 "GET /book/?worker=1&service=2&date=2025-12-23&time=13:00 HTTP/1.1" 200 4430
[2025-12-22 10:21:35,275] INFO django.server:212 "GET /calendar/?worker=1&service=2&date=2025-12-23&month=2025-12 HTTP/1.1" 200 16283
[2025-12-22 10:21:37,462] INFO django.server:212 "GET /book/?worker=1&service=2&date=2025-12-23&time=13:30 HTTP/1.1" 200 4430
[2025-12-22 10:21:43,579] INFO django.server:212 "GET /admin/auth/user/ HTTP/1.1" 200 12121
[2025-12-22 10:21:43,601] INFO django.server:212 "GET /admin/jsi18n/ HTTP/1.1" 200 3343
[2025-12-22 10:21:45,983] INFO django.server:212 "GET /admin/bookings/worker/ HTTP/1.1" 200 11143
[2025-12-22 10:21:46,003] INFO django.server:212 "GET /admin/jsi18n/ HTTP/1.1" 200 3343
[2025-12-22 10:21:47,007] INFO django.server:212 "GET /admin/bookings/worker/1/change/ HTTP/1.1" 200 13690
[2025-12-22 10:21:47,029] INFO django.server:212 "GET /admin/jsi18n/ HTTP/1.1" 200 3343
[2025-12-22 10:21:54,232] INFO django.server:212 "POST /admin/bookings/worker/1/change/ HTTP/1.1" 302 0
[2025-12-22 10:21:54,247] INFO django.server:212 "GET /admin/bookings/worker/ HTTP/1.1" 200 11350
[2025-12-22 10:21:54,274] INFO django.server:212 "GET /admin/jsi18n/ HTTP/1.1" 200 3343
[2025-12-22 10:21:56,457] INFO django.server:212 "GET /book/?worker=1&service=2&date=2025-12-23&time=13:30 HTTP/1.1" 200 4433
[2025-12-22 10:22:03,964] INFO django.server:212 "GET / HTTP/1.1" 200 2674
[2025-12-22 10:23:04,156] INFO django.server:212 "GET /calendar/ HTTP/1.1" 200 6171
[2025-12-22 10:23:31,493] INFO django.server:212 "GET / HTTP/1.1" 200 2674
[2025-12-22 10:23:48,037] INFO django.server:212 "GET /calendar/ HTTP/1.1" 200 6171
[2025-12-22 10:23:51,043] INFO django.server:212 "GET /calendar/?month=&worker=1 HTTP/1.1" 200 6686
[2025-12-22 10:23:54,228] INFO django.server:212 "GET /calendar/?month=2025-12&worker=1&service=2 HTTP/1.1" 200 12878
[2025-12-22 10:23:56,869] INFO django.server:212 "GET /calendar/?worker=1&service=2&month=2025-12&date=2025-12-23 HTTP/1.1" 200 16292
[2025-12-22 10:24:00,637] INFO django.server:212 "GET /book/?worker=1&service=2&date=2025-12-23&time=13:30 HTTP/1.1" 200 4433
[2025-12-22 10:24:06,797] INFO bookings.views:32 Booking created
[2025-12-22 10:24:06,803] INFO django.server:212 "POST /book/?worker=1&service=2&date=2025-12-23&time=13:30 HTTP/1.1" 302 0
[2025-12-22 10:24:06,824] INFO django.server:212 "GET /booking-success/?id=4 HTTP/1.1" 200 918
[2025-12-22 10:29:21,983] INFO django.utils.autoreload:266 D:\CursorProjects\SkySalonUpdated-main\SkySalonUpdated-main\bookings\models.py changed, reloading.
[2025-12-22 10:29:22,755] INFO django.utils.autoreload:668 Watching for file changes with StatReloader
[2025-12-22 10:29:23,058] INFO django.server:212 "GET /booking-success/?id=4 HTTP/1.1" 200 918
[2025-12-22 10:33:20,097] INFO django.utils.autoreload:667 Watching for file changes with StatReloader
[2025-12-22 10:33:20,553] INFO django.server:213 "GET /booking-success/?id=4 HTTP/1.1" 200 918
[2025-12-22 10:33:24,107] INFO django.server:213 "GET / HTTP/1.1" 200 2674
[2025-12-22 10:33:25,004] INFO django.server:213 "GET /calendar/ HTTP/1.1" 200 6171
[2025-12-22 10:33:26,318] INFO django.server:213 "GET /calendar/?month=&worker=1 HTTP/1.1" 200 6686
[2025-12-22 10:33:27,469] INFO django.server:213 "GET /calendar/?month=2025-12&worker=1&service=1 HTTP/1.1" 200 12878
[2025-12-22 10:33:29,587] INFO django.server:213 "GET /calendar/?worker=1&service=1&month=2025-12&date=2025-12-23 HTTP/1.1" 200 16750
[2025-12-22 10:33:30,791] INFO django.server:213 "GET /book/?worker=1&service=1&date=2025-12-23&time=10:30 HTTP/1.1" 200 4567
[2025-12-22 10:33:32,890] INFO django.server:213 "GET /calendar/?worker=1&service=1&month=2025-12 HTTP/1.1" 200 12878
[2025-12-22 10:33:34,073] INFO django.server:213 "GET / HTTP/1.1" 200 2674
[2025-12-22 10:33:34,627] INFO django.server:213 "GET /pricelist/ HTTP/1.1" 200 2817
[2025-12-22 10:33:47,054] INFO django.server:213 "GET /admin/bookings/worker/add/ HTTP/1.1" 200 14963
[2025-12-22 10:33:47,107] INFO django.server:213 "GET /admin/jsi18n/ HTTP/1.1" 200 3342
[2025-12-22 10:34:49,292] INFO django.server:213 "POST /admin/bookings/worker/add/ HTTP/1.1" 302 0
[2025-12-22 10:34:49,365] INFO django.server:213 "GET /admin/bookings/worker/ HTTP/1.1" 200 13390
[2025-12-22 10:34:49,394] INFO django.server:213 "GET /admin/jsi18n/ HTTP/1.1" 200 3342
[2025-12-22 10:34:55,396] INFO django.server:213 "GET /admin/ HTTP/1.1" 200 12921
[2025-12-22 10:34:56,358] INFO django.server:213 "GET / HTTP/1.1" 200 2893
[2025-12-22 10:34:57,412] INFO django.server:213 "GET /calendar/ HTTP/1.1" 200 6242
[2025-12-22 10:34:59,010] INFO django.server:213 "GET /calendar/?month=&worker=2 HTTP/1.1" 200 6758
[2025-12-22 10:35:04,328] INFO django.server:213 "GET /admin/bookings/workerserviceprice/ HTTP/1.1" 200 13621
[2025-12-22 10:35:04,352] INFO django.server:213 "GET /admin/jsi18n/ HTTP/1.1" 200 3342
[2025-12-22 10:35:09,429] INFO django.server:213 "GET /admin/bookings/service/ HTTP/1.1" 200 12227
[2025-12-22 10:35:09,452] INFO django.server:213 "GET /admin/jsi18n/ HTTP/1.1" 200 3342
[2025-12-22 10:35:10,806] INFO django.server:213 "GET /admin/bookings/service/add/ HTTP/1.1" 200 12188
[2025-12-22 10:35:10,828] INFO django.server:213 "GET /admin/jsi18n/ HTTP/1.1" 200 3342
[2025-12-22 10:35:22,014] INFO django.server:213 "POST /admin/bookings/service/add/ HTTP/1.1" 302 0
[2025-12-22 10:35:22,028] INFO django.server:213 "GET /admin/bookings/service/ HTTP/1.1" 200 12729
[2025-12-22 10:35:22,054] INFO django.server:213 "GET /admin/jsi18n/ HTTP/1.1" 200 3342
[2025-12-22 10:35:27,204] INFO django.server:213 "GET /admin/bookings/workerserviceprice/ HTTP/1.1" 200 13684
[2025-12-22 10:35:27,227] INFO django.server:213 "GET /admin/jsi18n/ HTTP/1.1" 200 3342
[2025-12-22 10:35:29,577] INFO django.server:213 "GET /admin/bookings/workerserviceprice/add/ HTTP/1.1" 200 15559
[2025-12-22 10:35:29,604] INFO django.server:213 "GET /admin/jsi18n/ HTTP/1.1" 200 3342
[2025-12-22 10:35:30,866] INFO django.server:213 "GET /admin/autocomplete/?app_label=bookings&model_name=workerserviceprice&field_name=worker HTTP/1.1" 200 111
[2025-12-22 10:35:32,199] INFO django.server:213 "GET /admin/autocomplete/?app_label=bookings&model_name=workerserviceprice&field_name=service HTTP/1.1" 200 152
[2025-12-22 10:35:36,212] INFO django.server:213 "POST /admin/bookings/workerserviceprice/add/ HTTP/1.1" 302 0
[2025-12-22 10:35:36,228] INFO django.server:213 "GET /admin/bookings/workerserviceprice/ HTTP/1.1" 200 14346
[2025-12-22 10:35:36,249] INFO django.server:213 "GET /admin/jsi18n/ HTTP/1.1" 200 3342
[2025-12-22 10:35:41,548] INFO django.server:213 "GET /calendar/?month=&worker=2 HTTP/1.1" 200 6635
[2025-12-22 10:35:43,298] INFO django.server:213 "GET /calendar/?month=2025-12&worker=2&service=3 HTTP/1.1" 200 12827
[2025-12-22 10:35:45,088] INFO django.server:213 "GET /calendar/?worker=2&service=3&month=2025-12&date=2025-12-23 HTTP/1.1" 200 16532
[2025-12-22 10:35:50,530] INFO django.server:213 "GET /book/?worker=2&service=3&date=2025-12-23&time=14:00 HTTP/1.1" 200 4461
[2025-12-22 10:35:55,211] INFO bookings.views:32 Booking created
[2025-12-22 10:35:55,219] INFO django.server:213 "POST /book/?worker=2&service=3&date=2025-12-23&time=14:00 HTTP/1.1" 302 0
[2025-12-22 10:35:55,223] INFO django.server:213 "GET /booking-success/?id=5 HTTP/1.1" 200 918
[2025-12-22 10:35:56,321] INFO django.server:213 "GET / HTTP/1.1" 200 2893
[2025-12-22 10:35:57,065] INFO django.server:213 "GET /calendar/ HTTP/1.1" 200 6242
[2025-12-22 10:35:58,654] INFO django.server:213 "GET /calendar/?month=&worker=1 HTTP/1.1" 200 6757
[2025-12-22 10:36:00,059] INFO django.server:213 "GET /calendar/?month=2025-12&worker=1&service=2 HTTP/1.1" 200 12949
[2025-12-22 10:36:01,244] INFO django.server:213 "GET /calendar/?worker=1&service=2&month=2025-12&date=2025-12-23 HTTP/1.1" 200 16123
[2025-12-22 10:36:09,815] INFO django.server:213 "GET /admin/bookings/service/ HTTP/1.1" 200 12660
[2025-12-22 10:36:09,839] INFO django.server:213 "GET /admin/jsi18n/ HTTP/1.1" 200 3342
[2025-12-22 10:36:10,281] INFO django.server:213 "GET /admin/bookings/booking/ HTTP/1.1" 200 17262
[2025-12-22 10:36:10,306] INFO django.server:213 "GET /admin/jsi18n/ HTTP/1.1" 200 3342
[2025-12-22 10:36:36,299] INFO django.server:213 "GET /admin/bookings/booking/2/change/ HTTP/1.1" 200 17426
[2025-12-22 10:36:36,324] INFO django.server:213 "GET /admin/jsi18n/ HTTP/1.1" 200 3342
[2025-12-22 10:36:38,380] INFO django.server:213 "GET /admin/bookings/booking/2/delete/ HTTP/1.1" 200 9865
[2025-12-22 10:36:38,468] INFO django.server:213 "GET /static/admin/js/cancel.js HTTP/1.1" 200 884
[2025-12-22 10:36:40,882] INFO django.server:213 "POST /admin/bookings/booking/2/delete/ HTTP/1.1" 302 0
[2025-12-22 10:36:40,901] INFO django.server:213 "GET /admin/bookings/booking/ HTTP/1.1" 200 16866
[2025-12-22 10:36:40,928] INFO django.server:213 "GET /admin/jsi18n/ HTTP/1.1" 200 3342
[2025-12-22 10:40:49,698] INFO django.utils.autoreload:265 D:\CursorProjects\SkySalonUpdated-main\SkySalonUpdated-main\bookings\models.py changed, reloading.
[2025-12-22 10:40:50,610] INFO django.utils.autoreload:667 Watching for file changes with StatReloader
[2025-12-22 10:40:51,134] INFO django.server:213 "GET /admin/bookings/booking/ HTTP/1.1" 200 16686
[2025-12-22 10:40:51,153] INFO django.server:213 "GET /admin/jsi18n/ HTTP/1.1" 200 3342
[2025-12-22 10:40:54,195] INFO django.utils.autoreload:265 D:\CursorProjects\SkySalonUpdated-main\SkySalonUpdated-main\bookings\models.py changed, reloading.
[2025-12-22 10:40:54,839] INFO django.utils.autoreload:667 Watching for file changes with StatReloader
[2025-12-22 10:40:55,224] INFO django.server:213 "GET /admin/bookings/booking/ HTTP/1.1" 200 16686
[2025-12-22 10:40:55,240] INFO django.server:213 "GET /admin/jsi18n/ HTTP/1.1" 200 3342
[2025-12-22 10:41:01,147] INFO django.utils.autoreload:265 D:\CursorProjects\SkySalonUpdated-main\SkySalonUpdated-main\bookings\models.py changed, reloading.
[2025-12-22 10:41:01,763] INFO django.utils.autoreload:667 Watching for file changes with StatReloader
[2025-12-22 10:41:02,205] INFO django.server:213 "GET /admin/bookings/booking/ HTTP/1.1" 200 16686
[2025-12-22 10:41:02,230] INFO django.server:213 "GET /admin/jsi18n/ HTTP/1.1" 200 3342
[2025-12-22 10:54:40,870] INFO django.utils.autoreload:668 Watching for file changes with StatReloader
[2025-12-22 10:54:51,760] INFO django.server:212 "GET / HTTP/1.1" 200 2893
[2025-12-22 10:54:53,009] INFO django.server:212 "GET /calendar/ HTTP/1.1" 200 6242
[2025-12-22 10:54:54,206] INFO django.server:212 "GET /calendar/?month=&worker=2 HTTP/1.1" 200 6635
[2025-12-22 10:54:55,344] INFO django.server:212 "GET /calendar/?month=2025-12&worker=2&service=3 HTTP/1.1" 200 12827
[2025-12-22 10:54:59,315] INFO django.server:212 "GET /calendar/?month=2025-12&worker=2&service=3 HTTP/1.1" 200 12827
[2025-12-22 10:55:00,307] INFO django.server:212 "GET /calendar/?worker=2&service=3&month=2026-01 HTTP/1.1" 200 14045
[2025-12-22 10:55:01,013] INFO django.server:212 "GET /calendar/?worker=2&service=3&month=2026-02 HTTP/1.1" 200 13730
[2025-12-22 10:55:01,565] INFO django.server:212 "GET /calendar/?worker=2&service=3&month=2026-03 HTTP/1.1" 200 14748
[2025-12-22 10:55:02,504] INFO django.server:212 "GET / HTTP/1.1" 200 2893
[2025-12-22 10:55:03,201] INFO django.server:212 "GET /pricelist/ HTTP/1.1" 200 3338
[2025-12-22 10:55:10,863] INFO django.server:212 "GET /admin/bookings/worker/ HTTP/1.1" 200 11484
[2025-12-22 10:55:10,889] INFO django.server:212 "GET /admin/jsi18n/ HTTP/1.1" 200 3343
[2025-12-22 10:55:12,482] INFO django.server:212 "GET /admin/bookings/worker/2/change/ HTTP/1.1" 200 13705
[2025-12-22 10:55:12,512] INFO django.server:212 "GET /admin/jsi18n/ HTTP/1.1" 200 3343
[2025-12-22 10:55:23,472] INFO django.server:212 "POST /admin/bookings/worker/2/change/ HTTP/1.1" 302 0
[2025-12-22 10:55:23,485] INFO django.server:212 "GET /admin/bookings/worker/ HTTP/1.1" 200 11717
[2025-12-22 10:55:23,511] INFO django.server:212 "GET /admin/jsi18n/ HTTP/1.1" 200 3343
[2025-12-22 10:55:24,838] INFO django.server:212 "GET /admin/bookings/worker/2/change/ HTTP/1.1" 200 13751
[2025-12-22 10:55:24,864] INFO django.server:212 "GET /admin/jsi18n/ HTTP/1.1" 200 3343
[2025-12-22 10:55:27,493] INFO django.server:212 "POST /admin/bookings/worker/2/change/ HTTP/1.1" 302 0
[2025-12-22 10:55:27,507] INFO django.server:212 "GET /admin/bookings/worker/2/change/ HTTP/1.1" 200 13994
[2025-12-22 10:55:27,528] INFO django.server:212 "GET /admin/jsi18n/ HTTP/1.1" 200 3343
[2025-12-22 10:55:28,835] INFO django.server:212 "POST /admin/bookings/worker/2/change/ HTTP/1.1" 302 0
[2025-12-22 10:55:28,848] INFO django.server:212 "GET /admin/bookings/worker/ HTTP/1.1" 200 11717
[2025-12-22 10:55:28,877] INFO django.server:212 "GET /admin/jsi18n/ HTTP/1.1" 200 3343
[2025-12-22 10:55:29,684] INFO django.server:212 "GET /admin/bookings/worker/1/change/ HTTP/1.1" 200 13702
[2025-12-22 10:55:29,708] INFO django.server:212 "GET /admin/jsi18n/ HTTP/1.1" 200 3343
[2025-12-22 10:55:36,180] INFO django.server:212 "POST /admin/bookings/worker/1/change/ HTTP/1.1" 302 0
[2025-12-22 10:55:36,193] INFO django.server:212 "GET /admin/bookings/worker/ HTTP/1.1" 200 11726
[2025-12-22 10:55:36,224] INFO django.server:212 "GET /admin/jsi18n/ HTTP/1.1" 200 3343
[2025-12-22 10:55:38,061] INFO django.server:212 "GET /admin/bookings/service/ HTTP/1.1" 200 11021
[2025-12-22 10:55:38,087] INFO django.server:212 "GET /admin/jsi18n/ HTTP/1.1" 200 3343
[2025-12-22 10:55:39,556] INFO django.server:212 "GET /admin/bookings/booking/ HTTP/1.1" 200 14830
[2025-12-22 10:55:39,582] INFO django.server:212 "GET /admin/jsi18n/ HTTP/1.1" 200 3343
[2025-12-22 10:55:40,705] INFO django.server:212 "GET /admin/bookings/workerserviceprice/ HTTP/1.1" 200 12324
[2025-12-22 10:55:40,727] INFO django.server:212 "GET /admin/jsi18n/ HTTP/1.1" 200 3343
[2025-12-22 10:55:42,398] INFO django.server:212 "GET /admin/bookings/workerserviceprice/3/change/ HTTP/1.1" 200 14593
[2025-12-22 10:55:42,429] INFO django.server:212 "GET /admin/jsi18n/ HTTP/1.1" 200 3343
[2025-12-22 10:55:43,438] INFO django.server:212 "GET /admin/autocomplete/?app_label=bookings&model_name=workerserviceprice&field_name=service HTTP/1.1" 200 152
[2025-12-22 10:55:44,714] INFO django.server:212 "GET /admin/bookings/service/ HTTP/1.1" 200 11021
[2025-12-22 10:55:44,731] INFO django.server:212 "GET /admin/jsi18n/ HTTP/1.1" 200 3343
[2025-12-22 10:55:45,771] INFO django.server:212 "GET /admin/bookings/service/1/change/ HTTP/1.1" 200 11133
[2025-12-22 10:55:45,802] INFO django.server:212 "GET /admin/jsi18n/ HTTP/1.1" 200 3343
[2025-12-22 10:55:50,956] INFO django.server:212 "POST /admin/bookings/service/1/change/ HTTP/1.1" 302 0
[2025-12-22 10:55:50,971] INFO django.server:212 "GET /admin/bookings/service/ HTTP/1.1" 200 11276
[2025-12-22 10:55:51,002] INFO django.server:212 "GET /admin/jsi18n/ HTTP/1.1" 200 3343
[2025-12-22 10:55:51,868] INFO django.server:212 "GET /admin/bookings/service/2/change/ HTTP/1.1" 200 11141
[2025-12-22 10:55:51,895] INFO django.server:212 "GET /admin/jsi18n/ HTTP/1.1" 200 3343
[2025-12-22 10:55:59,244] INFO django.server:212 "POST /admin/bookings/service/2/change/ HTTP/1.1" 302 0
[2025-12-22 10:55:59,257] INFO django.server:212 "GET /admin/bookings/service/ HTTP/1.1" 200 11300
[2025-12-22 10:55:59,289] INFO django.server:212 "GET /admin/jsi18n/ HTTP/1.1" 200 3343
[2025-12-22 10:56:01,893] INFO django.server:212 "GET /admin/bookings/service/3/change/ HTTP/1.1" 200 11101
[2025-12-22 10:56:01,924] INFO django.server:212 "GET /admin/jsi18n/ HTTP/1.1" 200 3343
[2025-12-22 10:56:06,050] INFO django.server:212 "POST /admin/bookings/service/3/change/ HTTP/1.1" 302 0
[2025-12-22 10:56:06,069] INFO django.server:212 "GET /admin/bookings/service/ HTTP/1.1" 200 11286
[2025-12-22 10:56:06,097] INFO django.server:212 "GET /admin/jsi18n/ HTTP/1.1" 200 3343
[2025-12-22 10:56:09,694] INFO django.server:212 "GET /admin/bookings/workerserviceprice/ HTTP/1.1" 200 12430
[2025-12-22 10:56:09,721] INFO django.server:212 "GET /admin/jsi18n/ HTTP/1.1" 200 3343
[2025-12-22 10:56:13,534] INFO django.server:212 "GET /pricelist/ HTTP/1.1" 200 3408
[2025-12-22 10:56:16,539] INFO django.server:212 "GET / HTTP/1.1" 200 2923
[2025-12-22 10:56:19,348] INFO django.server:212 "GET /workers/2/ HTTP/1.1" 200 3847
[2025-12-22 10:56:22,093] INFO django.server:212 "GET /calendar/?worker=2&date=2025-12-22 HTTP/1.1" 200 6670
[2025-12-22 10:56:23,940] INFO django.server:212 "GET / HTTP/1.1" 200 2923
[2025-12-22 10:56:26,621] INFO django.server:212 "GET /workers/2/ HTTP/1.1" 200 3847
[2025-12-22 10:56:27,863] INFO django.server:212 "GET /book/?worker=2 HTTP/1.1" 200 3976
[2025-12-22 11:15:42,677] INFO django.server:212 "GET / HTTP/1.1" 200 2923
[2025-12-22 11:15:43,369] WARNING django.server:212 "GET /favicon.ico HTTP/1.1" 404 3600
[2025-12-22 11:15:44,667] INFO django.server:212 "GET /calendar/ HTTP/1.1" 200 6259
[2025-12-22 11:15:48,780] INFO django.server:212 "GET / HTTP/1.1" 200 2923
[2025-12-22 11:15:56,123] INFO django.server:212 "GET /calendar/ HTTP/1.1" 200 6259
[2025-12-22 11:15:59,818] INFO django.server:212 "GET /calendar/?month=&worker=2 HTTP/1.1" 200 6670
[2025-12-22 15:43:49,318] INFO django.utils.autoreload:668 Watching for file changes with StatReloader
[2025-12-22 15:43:54,742] INFO django.server:212 "GET / HTTP/1.1" 200 2923
[2025-12-22 15:43:55,070] WARNING django.server:212 "GET /favicon.ico HTTP/1.1" 404 3600
[2025-12-22 15:43:56,198] INFO django.server:212 "GET /calendar/ HTTP/1.1" 200 6259
[2025-12-22 15:44:01,476] INFO bookings.views:183 Calendar viewed for worker
[2025-12-22 15:44:01,481] INFO django.server:212 "GET /calendar/?month=&worker=1 HTTP/1.1" 200 6826
[2025-12-22 15:44:06,030] INFO bookings.views:183 Calendar viewed for worker
[2025-12-22 15:44:06,100] INFO django.server:212 "GET /calendar/?month=2025-12&worker=1&service=1 HTTP/1.1" 200 13018
[2025-12-22 15:44:13,562] INFO bookings.views:183 Calendar viewed for worker
[2025-12-22 15:44:13,674] INFO bookings.views:315 Calendar slots calculated
[2025-12-22 15:44:13,679] INFO django.server:212 "GET /calendar/?worker=1&service=1&month=2025-12&date=2025-12-23 HTTP/1.1" 200 16920
[2025-12-22 15:44:45,460] INFO django.utils.autoreload:266 D:\CursorProjects\SkySalonUpdated-main\SkySalonUpdated-main\bookings\views.py changed, reloading.
[2025-12-22 15:44:46,042] INFO django.utils.autoreload:668 Watching for file changes with StatReloader
[2025-12-22 15:44:46,218] INFO bookings.views:183 Calendar viewed for worker
[2025-12-22 15:44:46,356] INFO bookings.views:315 Calendar slots calculated
[2025-12-22 15:44:46,373] INFO django.server:212 "GET /calendar/?worker=1&service=1&month=2025-12&date=2025-12-23 HTTP/1.1" 200 16920
[2025-12-22 15:45:51,894] INFO django.server:212 "GET / HTTP/1.1" 200 2923
[2025-12-22 15:46:36,632] INFO django.utils.autoreload:667 Watching for file changes with StatReloader
[2025-12-22 15:47:01,621] INFO django.utils.autoreload:668 Watching for file changes with StatReloader
[2025-12-22 15:47:04,867] INFO django.server:212 "GET / HTTP/1.1" 200 2923
[2025-12-22 15:47:05,100] WARNING django.server:212 "GET /favicon.ico HTTP/1.1" 404 3600
[2025-12-22 15:47:35,715] INFO django.server:212 "GET /calendar/ HTTP/1.1" 200 6259
[2025-12-22 15:47:41,133] INFO bookings.views:183 Calendar viewed for worker
[2025-12-22 15:47:41,140] INFO django.server:212 "GET /calendar/?month=&worker=1 HTTP/1.1" 200 6826
[2025-12-22 15:47:51,243] INFO bookings.views:183 Calendar viewed for worker
[2025-12-22 15:47:51,300] INFO django.server:212 "GET /calendar/?month=2025-12&worker=1&service=1 HTTP/1.1" 200 13018
[2025-12-22 15:48:05,421] INFO bookings.views:183 Calendar viewed for worker
[2025-12-22 15:48:05,541] INFO bookings.views:315 Calendar slots calculated
[2025-12-22 15:48:05,546] INFO django.server:212 "GET /calendar/?worker=1&service=1&month=2025-12&date=2025-12-23 HTTP/1.1" 200 16920
[2025-12-22 15:48:17,915] INFO django.server:212 "GET / HTTP/1.1" 200 2923
[2025-12-22 15:48:18,966] INFO django.server:212 "GET /admin/ HTTP/1.1" 200 10818
[2025-12-22 15:48:19,122] INFO django.server:212 "GET /static/admin/img/icon-deletelink.svg HTTP/1.1" 200 392
[2025-12-22 15:48:20,329] INFO django.server:212 "GET /admin/bookings/booking/ HTTP/1.1" 200 14958
[2025-12-22 15:48:20,363] INFO django.server:212 "GET /admin/jsi18n/ HTTP/1.1" 200 3343
[2025-12-22 15:48:58,865] INFO bookings.views:183 Calendar viewed for worker
[2025-12-22 15:48:58,949] INFO django.server:212 "GET /calendar/?month=2025-12&worker=1&service=2 HTTP/1.1" 200 13018
[2025-12-22 15:49:00,179] INFO bookings.views:183 Calendar viewed for worker
[2025-12-22 15:49:00,261] INFO bookings.views:315 Calendar slots calculated
[2025-12-22 15:49:00,265] INFO django.server:212 "GET /calendar/?worker=1&service=2&month=2025-12&date=2025-12-22 HTTP/1.1" 200 9802
[2025-12-22 15:49:01,654] INFO bookings.views:183 Calendar viewed for worker
[2025-12-22 15:49:01,716] INFO django.server:212 "GET /calendar/?worker=1&service=2&month=2025-12 HTTP/1.1" 200 13018
[2025-12-22 15:49:02,429] INFO bookings.views:183 Calendar viewed for worker
[2025-12-22 15:49:02,536] INFO bookings.views:315 Calendar slots calculated
[2025-12-22 15:49:02,541] INFO django.server:212 "GET /calendar/?worker=1&service=2&month=2025-12&date=2025-12-23 HTTP/1.1" 200 16222
[2026-01-02 01:01:22,870] INFO django.utils.autoreload:668 Watching for file changes with StatReloader
[2026-01-02 01:01:26,441] INFO django.server:212 "GET / HTTP/1.1" 200 2923
[2026-01-02 01:01:26,496] INFO django.server:212 "GET /static/django-browser-reload/reload-listener.js HTTP/1.1" 304 0
[2026-01-02 01:01:26,623] INFO django.server:212 "GET /static/css/styles.css HTTP/1.1" 200 4127
[2026-01-02 01:01:26,632] INFO django.server:212 "GET /static/images/hero.jpg HTTP/1.1" 304 0
[2026-01-02 01:01:26,680] INFO django.server:212 "GET /static/django-browser-reload/reload-worker.js HTTP/1.1" 304 0
[2026-01-02 01:01:27,014] WARNING django.server:212 "GET /favicon.ico HTTP/1.1" 404 3600
[2026-01-02 01:02:06,448] INFO django.server:212 "GET /calendar/ HTTP/1.1" 200 6259
[2026-01-02 01:02:37,693] INFO django.server:212 "GET /calendar/ HTTP/1.1" 200 6259
[2026-01-02 01:02:41,800] INFO django.server:212 "GET /calendar/ HTTP/1.1" 200 6259
[2026-01-02 01:03:26,825] INFO django.server:212 "GET /calendar/ HTTP/1.1" 200 6259
[2026-01-02 01:03:28,973] INFO django.server:212 "GET / HTTP/1.1" 200 2923
[2026-01-02 01:04:28,380] INFO django.server:212 "GET / HTTP/1.1" 200 2923
[2026-01-02 01:04:29,996] INFO django.server:212 "GET / HTTP/1.1" 200 2923
[2026-01-02 01:04:31,431] INFO django.server:212 "GET /pricelist/ HTTP/1.1" 200 3408
[2026-01-02 01:04:32,451] INFO django.server:212 "GET /calendar/ HTTP/1.1" 200 6259
[2026-01-02 01:04:33,609] INFO django.server:212 "GET /pricelist/ HTTP/1.1" 200 3408
[2026-01-02 01:04:34,404] INFO django.server:212 "GET / HTTP/1.1" 200 2923
[2026-01-02 01:05:08,935] INFO django.server:212 "GET / HTTP/1.1" 200 2923
[2026-01-02 01:31:02,791] INFO django.server:212 "GET / HTTP/1.1" 200 2923
[2026-01-02 01:31:02,901] WARNING django.server:212 "GET /favicon.ico HTTP/1.1" 404 3600
[2026-01-02 01:31:02,917] INFO django.server:212 "GET / HTTP/1.1" 200 2923
[2026-01-02 01:31:07,236] INFO django.server:212 "GET / HTTP/1.1" 200 2923
[2026-01-02 01:31:13,397] INFO django.server:212 "GET / HTTP/1.1" 200 2923
[2026-01-02 01:31:15,548] INFO django.server:212 "GET / HTTP/1.1" 200 2923
[2026-01-02 01:31:17,515] INFO django.server:212 "GET / HTTP/1.1" 200 2923
[2026-01-02 01:31:17,660] INFO django.server:212 "GET / HTTP/1.1" 200 2923
[2026-01-02 01:31:28,652] INFO django.server:212 "GET / HTTP/1.1" 200 2923
[2026-01-02 01:31:29,207] INFO django.server:212 "GET / HTTP/1.1" 200 2923
[2026-01-02 01:31:29,363] INFO django.server:212 "GET / HTTP/1.1" 200 2923
[2026-01-02 01:31:29,500] INFO django.server:212 "GET / HTTP/1.1" 200 2923
[2026-01-02 01:31:29,593] INFO django.server:212 "GET / HTTP/1.1" 200 2923
[2026-01-02 01:31:29,717] INFO django.server:212 "GET / HTTP/1.1" 200 2923
[2026-01-02 01:31:29,835] INFO django.server:212 "GET / HTTP/1.1" 200 2923
[2026-01-02 01:31:34,643] WARNING django.server:212 "GET /.well-known/appspecific/com.chrome.devtools.json HTTP/1.1" 404 3711
[2026-01-02 01:33:01,498] INFO django.server:212 "GET / HTTP/1.1" 200 2923
[2026-01-02 01:33:01,542] INFO django.server:212 "GET /static/css/styles.css HTTP/1.1" 200 4145
[2026-01-02 01:33:01,602] WARNING django.server:212 "GET /.well-known/appspecific/com.chrome.devtools.json HTTP/1.1" 404 3711
[2026-01-02 01:33:01,608] INFO django.server:212 "GET /static/images/hero.jpg HTTP/1.1" 200 121541
[2026-01-02 01:33:01,655] INFO django.server:212 "GET /static/django-browser-reload/reload-listener.js HTTP/1.1" 200 623
[2026-01-02 01:33:01,726] INFO django.server:212 "GET /static/django-browser-reload/reload-worker.js HTTP/1.1" 200 2711
[2026-01-03 21:12:07,020] INFO django.utils.autoreload:668 Watching for file changes with StatReloader
[2026-01-03 21:12:09,873] INFO django.server:212 "GET / HTTP/1.1" 200 2923
[2026-01-03 21:12:10,058] INFO django.server:212 "GET /static/css/styles.css HTTP/1.1" 200 4145
[2026-01-03 21:12:10,094] INFO django.server:212 "GET /static/django-browser-reload/reload-listener.js HTTP/1.1" 200 623
[2026-01-03 21:12:10,121] INFO django.server:212 "GET /static/images/hero.jpg HTTP/1.1" 200 121541
[2026-01-03 21:12:10,263] INFO django.server:212 "GET /static/django-browser-reload/reload-worker.js HTTP/1.1" 200 2711
[2026-01-03 21:12:10,591] WARNING django.server:212 "GET /favicon.ico HTTP/1.1" 404 3600
[2026-01-04 15:24:13,562] INFO django.utils.autoreload:668 Watching for file changes with StatReloader
[2026-01-04 15:24:14,970] INFO django.server:212 "GET / HTTP/1.1" 200 2923
[2026-01-04 15:24:15,023] INFO django.server:212 "GET /static/css/styles.css HTTP/1.1" 304 0
[2026-01-04 15:24:15,355] WARNING django.server:212 "GET /favicon.ico HTTP/1.1" 404 3600
[2026-01-04 15:24:19,622] INFO django.server:212 "GET /workers/1/ HTTP/1.1" 200 4140
[2026-01-04 15:24:32,010] INFO django.server:212 "GET /calendar/ HTTP/1.1" 200 6259
[2026-01-04 15:24:33,952] INFO bookings.views:183 Calendar viewed for worker
[2026-01-04 15:24:33,956] INFO django.server:212 "GET /calendar/?month=&worker=1 HTTP/1.1" 200 6826
[2026-01-04 15:24:35,771] INFO bookings.views:183 Calendar viewed for worker
[2026-01-04 15:24:35,797] INFO django.server:212 "GET /calendar/?month=2026-01&worker=1&service=1 HTTP/1.1" 200 14062
[2026-01-04 15:24:38,034] INFO bookings.views:183 Calendar viewed for worker
[2026-01-04 15:24:38,056] INFO bookings.views:315 Calendar slots calculated
[2026-01-04 15:24:38,062] INFO django.server:212 "GET /calendar/?worker=1&service=1&month=2026-01&date=2026-01-15 HTTP/1.1" 200 17338
[2026-01-04 15:24:39,739] INFO bookings.views:29 Booking page viewed
[2026-01-04 15:24:39,803] INFO django.server:212 "GET /book/?worker=1&service=1&date=2026-01-15&time=12:00 HTTP/1.1" 200 4460
[2026-01-04 15:24:45,638] INFO bookings.views:42 Booking created
[2026-01-04 15:24:45,638] INFO bookings.views:54 Sending booking confirmation email
[2026-01-04 15:24:45,646] INFO bookings.views:71 Booking process completed successfully
[2026-01-04 15:24:45,647] INFO django.server:212 "POST /book/?worker=1&service=1&date=2026-01-15&time=12:00 HTTP/1.1" 302 0
[2026-01-04 15:24:45,653] INFO bookings.views:151 Booking success page viewed
[2026-01-04 15:24:45,655] INFO django.server:212 "GET /booking-success/?id=6 HTTP/1.1" 200 918
[2026-01-04 15:24:48,039] INFO django.server:212 "GET / HTTP/1.1" 200 2923
[2026-01-04 15:24:49,153] INFO django.server:212 "GET /admin/ HTTP/1.1" 200 10950
[2026-01-04 15:24:49,398] INFO django.server:212 "GET /static/admin/css/dashboard.css HTTP/1.1" 200 441
[2026-01-04 15:24:49,401] INFO django.server:212 "GET /static/admin/css/dark_mode.css HTTP/1.1" 200 2929
[2026-01-04 15:24:49,402] INFO django.server:212 "GET /static/admin/css/nav_sidebar.css HTTP/1.1" 200 2694
[2026-01-04 15:24:49,403] INFO django.server:212 "GET /static/admin/css/base.css HTTP/1.1" 200 21207
[2026-01-04 15:24:49,406] INFO django.server:212 "GET /static/admin/css/responsive.css HTTP/1.1" 200 18533
[2026-01-04 15:24:49,428] INFO django.server:212 "GET /static/admin/img/icon-addlink.svg HTTP/1.1" 200 331
[2026-01-04 15:24:49,428] INFO django.server:212 "GET /static/admin/img/icon-yes.svg HTTP/1.1" 200 436
[2026-01-04 15:24:49,429] INFO django.server:212 "GET /static/admin/js/nav_sidebar.js HTTP/1.1" 200 3063
[2026-01-04 15:24:49,429] INFO django.server:212 "GET /static/admin/img/icon-changelink.svg HTTP/1.1" 200 380
[2026-01-04 15:24:49,432] INFO django.server:212 "GET /static/admin/js/theme.js HTTP/1.1" 200 1943
[2026-01-04 15:24:49,442] INFO django.server:212 "GET /static/admin/img/icon-deletelink.svg HTTP/1.1" 200 392
[2026-01-04 15:24:51,460] INFO django.server:212 "GET /admin/bookings/booking/ HTTP/1.1" 200 15498
[2026-01-04 15:24:51,496] INFO django.server:212 "GET /admin/jsi18n/ HTTP/1.1" 200 3343
[2026-01-04 15:24:51,502] INFO django.server:212 "GET /static/admin/css/changelists.css HTTP/1.1" 200 6566
[2026-01-04 15:24:51,512] INFO django.server:212 "GET /static/admin/js/jquery.init.js HTTP/1.1" 200 347
[2026-01-04 15:24:51,519] INFO django.server:212 "GET /static/admin/js/core.js HTTP/1.1" 200 5682
[2026-01-04 15:24:51,533] INFO django.server:212 "GET /static/admin/js/admin/RelatedObjectLookups.js HTTP/1.1" 200 8943
[2026-01-04 15:24:51,542] INFO django.server:212 "GET /static/admin/js/actions.js HTTP/1.1" 200 7872
[2026-01-04 15:24:51,551] INFO django.server:212 "GET /static/admin/js/urlify.js HTTP/1.1" 200 7887
[2026-01-04 15:24:51,555] INFO django.server:212 "GET /static/admin/js/prepopulate.js HTTP/1.1" 200 1531
[2026-01-04 15:24:51,563] INFO django.server:212 "GET /static/admin/img/search.svg HTTP/1.1" 200 458
[2026-01-04 15:24:51,572] INFO django.server:212 "GET /static/admin/js/vendor/jquery/jquery.js HTTP/1.1" 200 292458
[2026-01-04 15:24:51,603] INFO django.server:212 "GET /static/admin/js/filters.js HTTP/1.1" 200 978
[2026-01-04 15:24:51,623] INFO django.server:212 "GET /static/admin/js/vendor/xregexp/xregexp.js HTTP/1.1" 200 232381
[2026-01-04 15:24:51,645] INFO django.server:212 "GET /static/admin/img/tooltag-add.svg HTTP/1.1" 200 331
[2026-01-04 15:24:51,645] INFO django.server:212 "GET /static/admin/img/sorting-icons.svg HTTP/1.1" 200 1097
[2026-01-04 15:24:56,790] INFO django.server:212 "GET /admin/bookings/booking/6/change/ HTTP/1.1" 200 16102
[2026-01-04 15:24:56,829] INFO django.server:212 "GET /admin/jsi18n/ HTTP/1.1" 200 3343
[2026-01-04 15:24:56,836] INFO django.server:212 "GET /static/admin/css/forms.css HTTP/1.1" 200 9047
[2026-01-04 15:24:56,841] INFO django.server:212 "GET /static/admin/css/autocomplete.css HTTP/1.1" 200 9114
[2026-01-04 15:24:56,842] INFO django.server:212 "GET /static/admin/css/vendor/select2/select2.css HTTP/1.1" 200 17358
[2026-01-04 15:24:56,859] INFO django.server:212 "GET /static/admin/js/calendar.js HTTP/1.1" 200 8466
[2026-01-04 15:24:56,867] INFO django.server:212 "GET /static/admin/css/widgets.css HTTP/1.1" 200 11900
[2026-01-04 15:24:56,876] INFO django.server:212 "GET /static/admin/js/admin/DateTimeShortcuts.js HTTP/1.1" 200 19319
[2026-01-04 15:24:56,884] INFO django.server:212 "GET /static/admin/js/vendor/select2/i18n/en.js HTTP/1.1" 200 844
[2026-01-04 15:24:56,890] INFO django.server:212 "GET /static/admin/img/icon-viewlink.svg HTTP/1.1" 200 581
[2026-01-04 15:24:56,905] INFO django.server:212 "GET /static/admin/js/autocomplete.js HTTP/1.1" 200 1060
[2026-01-04 15:24:56,907] INFO django.server:212 "GET /static/admin/js/prepopulate_init.js HTTP/1.1" 200 586
[2026-01-04 15:24:56,935] INFO django.server:212 "GET /static/admin/js/vendor/select2/select2.full.js HTTP/1.1" 200 173566
[2026-01-04 15:24:56,940] INFO django.server:212 "GET /static/admin/js/change_form.js HTTP/1.1" 200 606
[2026-01-04 15:24:57,002] INFO django.server:212 "GET /static/admin/img/icon-clock.svg HTTP/1.1" 200 677
[2026-01-04 15:24:57,006] INFO django.server:212 "GET /static/admin/img/icon-calendar.svg HTTP/1.1" 200 1086
[2026-01-04 15:25:00,594] INFO django.server:212 "GET / HTTP/1.1" 200 2923
[2026-01-05 14:28:37,000] INFO django.utils.autoreload:668 Watching for file changes with StatReloader
[2026-01-05 14:28:37,521] INFO django.server:212 "GET / HTTP/1.1" 200 2923
[2026-01-05 14:28:37,571] INFO django.server:212 "GET /static/css/styles.css HTTP/1.1" 304 0
[2026-01-05 14:28:38,032] WARNING django.server:212 "GET /favicon.ico HTTP/1.1" 404 3600
[2026-01-05 14:28:40,841] WARNING django.server:212 "GET /.well-known/appspecific/com.chrome.devtools.json HTTP/1.1" 404 3711
[2026-01-05 14:31:44,151] INFO django.server:212 "GET / HTTP/1.1" 200 2923
[2026-01-05 14:34:36,430] INFO django.server:212 "GET / HTTP/1.1" 200 2923
[2026-01-05 14:35:16,312] INFO django.server:212 "GET / HTTP/1.1" 200 2923
[2026-01-05 14:35:21,442] INFO django.server:212 "GET / HTTP/1.1" 200 2923
[2026-01-05 14:35:27,086] INFO django.server:212 "GET / HTTP/1.1" 200 2923
[2026-01-05 14:35:28,310] INFO django.server:212 "GET / HTTP/1.1" 200 2923
[2026-01-05 14:35:28,498] INFO django.server:212 "GET / HTTP/1.1" 200 2923
[2026-01-05 14:35:28,694] INFO django.server:212 "GET / HTTP/1.1" 200 2923
[2026-01-05 14:35:28,880] INFO django.server:212 "GET / HTTP/1.1" 200 2923
[2026-01-05 14:35:29,059] INFO django.server:212 "GET / HTTP/1.1" 200 2923
[2026-01-05 14:35:29,220] INFO django.server:212 "GET / HTTP/1.1" 200 2923
[2026-01-05 14:35:29,396] INFO django.server:212 "GET / HTTP/1.1" 200 2923
[2026-01-05 14:35:56,265] INFO django.server:212 "GET / HTTP/1.1" 200 2923
[2026-01-05 14:35:57,465] INFO django.server:212 "GET / HTTP/1.1" 200 2923
[2026-01-05 14:36:14,712] INFO django.server:212 "GET / HTTP/1.1" 200 2923
[2026-01-05 14:36:21,917] INFO django.server:212 "GET / HTTP/1.1" 200 2923
[2026-01-05 14:36:29,098] INFO django.server:212 "GET / HTTP/1.1" 200 2923
[2026-01-05 14:36:29,643] INFO django.server:212 "GET / HTTP/1.1" 200 2923
[2026-01-05 14:36:30,468] INFO django.server:212 "GET / HTTP/1.1" 200 2923
[2026-01-05 14:36:30,619] INFO django.server:212 "GET / HTTP/1.1" 200 2923
[2026-01-05 14:36:30,782] INFO django.server:212 "GET / HTTP/1.1" 200 2923
[2026-01-05 14:36:30,936] INFO django.server:212 "GET / HTTP/1.1" 200 2923
[2026-01-05 14:39:09,387] INFO django.utils.autoreload:668 Watching for file changes with StatReloader
[2026-01-05 14:39:09,855] INFO django.server:212 "GET / HTTP/1.1" 200 2923
[2026-01-05 14:39:12,761] INFO django.server:212 "GET / HTTP/1.1" 200 2923
[2026-01-05 14:41:35,757] INFO django.server:212 "GET / HTTP/1.1" 200 2923
[2026-01-05 14:41:36,955] INFO django.server:212 "GET / HTTP/1.1" 200 2923
[2026-01-05 14:41:37,110] INFO django.server:212 "GET / HTTP/1.1" 200 2923
[2026-01-05 14:41:37,247] INFO django.server:212 "GET / HTTP/1.1" 200 2923
[2026-01-05 14:42:12,902] INFO django.server:212 "GET /calendar/ HTTP/1.1" 200 6259
[2026-01-05 14:42:13,078] INFO django.server:212 "GET /static/css/styles.css HTTP/1.1" 200 4145
[2026-01-05 14:42:13,107] INFO django.server:212 "GET /static/django-browser-reload/reload-listener.js HTTP/1.1" 200 623
[2026-01-05 14:42:13,154] WARNING django.server:212 "GET /favicon.ico HTTP/1.1" 404 3600
[2026-01-05 14:42:13,162] INFO django.server:212 "GET /static/django-browser-reload/reload-worker.js HTTP/1.1" 200 2711
[2026-01-05 14:42:15,001] INFO django.server:212 "GET / HTTP/1.1" 200 2923
[2026-01-05 14:42:15,093] INFO django.server:212 "GET /static/images/hero.png HTTP/1.1" 200 6497760
[2026-01-05 14:42:33,994] INFO django.server:212 "GET / HTTP/1.1" 200 2923
[2026-01-05 14:42:34,026] INFO django.server:212 "GET /static/django-browser-reload/reload-listener.js HTTP/1.1" 200 623
[2026-01-05 14:42:34,026] INFO django.server:212 "GET /static/css/styles.css HTTP/1.1" 200 4145
[2026-01-05 14:42:34,125] INFO django.server:212 "GET /static/images/hero.png HTTP/1.1" 200 6497760
[2026-01-05 14:42:34,157] WARNING django.server:212 "GET /favicon.ico HTTP/1.1" 404 3600
[2026-01-05 14:42:36,361] INFO django.server:212 "GET / HTTP/1.1" 200 2923
[2026-01-05 14:42:36,401] INFO django.server:212 "GET /static/css/styles.css HTTP/1.1" 200 4145
[2026-01-05 14:42:36,403] INFO django.server:212 "GET /static/django-browser-reload/reload-listener.js HTTP/1.1" 200 623
[2026-01-05 14:42:36,556] INFO django.server:212 "GET /static/images/hero.png HTTP/1.1" 200 6497760
[2026-01-05 14:42:36,623] WARNING django.server:212 "GET /favicon.ico HTTP/1.1" 404 3600
[2026-01-05 14:45:00,176] INFO django.server:212 "GET / HTTP/1.1" 200 2931
[2026-01-05 14:45:00,221] INFO django.server:212 "GET /static/css/styles.css HTTP/1.1" 304 0
[2026-01-05 14:45:00,239] INFO django.server:212 "GET /static/images/hero.png HTTP/1.1" 304 0
[2026-01-05 14:45:06,302] INFO django.server:212 "GET / HTTP/1.1" 200 2941
[2026-01-05 14:45:12,448] INFO django.server:212 "GET / HTTP/1.1" 200 2939
[2026-01-05 14:45:18,598] INFO django.server:212 "GET / HTTP/1.1" 200 2957
[2026-01-05 14:45:19,358] INFO django.server:212 "GET / HTTP/1.1" 200 2957
[2026-01-05 14:46:13,885] INFO django.server:212 "GET / HTTP/1.1" 200 2957
[2026-01-05 14:46:13,927] INFO django.server:212 "GET /static/css/styles.css HTTP/1.1" 200 4229
[2026-01-05 14:46:13,939] INFO django.server:212 "GET /static/images/hero.png HTTP/1.1" 304 0
[2026-01-05 14:46:22,081] INFO django.server:212 "GET / HTTP/1.1" 200 2957
[2026-01-05 14:46:22,118] INFO django.server:212 "GET /static/css/styles.css HTTP/1.1" 200 4247
[2026-01-05 14:46:30,238] INFO django.server:212 "GET / HTTP/1.1" 200 2957
[2026-01-05 14:46:30,278] INFO django.server:212 "GET /static/css/styles.css HTTP/1.1" 200 4247
[2026-01-05 14:48:03,363] INFO django.server:212 "GET / HTTP/1.1" 200 2957
[2026-01-05 14:48:03,395] INFO django.server:212 "GET /static/css/styles.css HTTP/1.1" 200 4247
[2026-01-05 14:48:03,407] INFO django.server:212 "GET /static/images/hero.png HTTP/1.1" 304 0
[2026-01-05 14:50:05,459] INFO django.server:212 "GET / HTTP/1.1" 200 2957
[2026-01-05 14:50:05,492] INFO django.server:212 "GET /static/css/styles.css HTTP/1.1" 304 0
[2026-01-05 14:50:05,501] INFO django.server:212 "GET /static/images/hero.png HTTP/1.1" 304 0
[2026-01-05 14:50:09,175] INFO django.server:212 "GET / HTTP/1.1" 200 2957
[2026-01-05 14:50:19,753] INFO django.server:212 "GET /calendar/ HTTP/1.1" 200 6293
[2026-01-05 14:50:19,812] INFO django.server:212 "GET /static/css/styles.css HTTP/1.1" 304 0
[2026-01-05 14:50:22,284] INFO bookings.views:183 Calendar viewed for worker
[2026-01-05 14:50:22,297] INFO django.server:212 "GET /calendar/?month=&worker=1 HTTP/1.1" 200 6860
[2026-01-05 14:50:24,237] INFO bookings.views:183 Calendar viewed for worker
[2026-01-05 14:50:24,329] INFO django.server:212 "GET /calendar/?month=2026-01&worker=1&service=1 HTTP/1.1" 200 14038
[2026-01-05 14:50:27,426] INFO bookings.views:183 Calendar viewed for worker
[2026-01-05 14:50:27,530] INFO bookings.views:315 Calendar slots calculated
[2026-01-05 14:50:27,544] INFO django.server:212 "GET /calendar/?worker=1&service=1&month=2026-01&date=2026-01-13 HTTP/1.1" 200 17372
[2026-01-05 14:50:28,827] INFO bookings.views:29 Booking page viewed
[2026-01-05 14:50:28,981] INFO django.server:212 "GET /book/?worker=1&service=1&date=2026-01-13&time=09:00 HTTP/1.1" 200 4494
[2026-01-05 14:50:33,443] WARNING bookings.views:80 Booking form invalid
[2026-01-05 14:50:33,453] INFO django.server:212 "POST /book/?worker=1&service=1&date=2026-01-13&time=09:00 HTTP/1.1" 200 4539
[2026-01-05 14:50:33,489] INFO django.server:212 "GET /static/css/styles.css HTTP/1.1" 304 0
[2026-01-05 14:50:35,538] WARNING bookings.views:80 Booking form invalid
[2026-01-05 14:50:35,552] INFO django.server:212 "POST /book/?worker=1&service=1&date=2026-01-13&time=09:00 HTTP/1.1" 200 4539
[2026-01-05 14:50:37,853] WARNING bookings.views:80 Booking form invalid
[2026-01-05 14:50:37,863] INFO django.server:212 "POST /book/?worker=1&service=1&date=2026-01-13&time=09:00 HTTP/1.1" 200 4539
[2026-01-05 14:50:38,544] WARNING bookings.views:80 Booking form invalid
[2026-01-05 14:50:38,551] INFO django.server:212 "POST /book/?worker=1&service=1&date=2026-01-13&time=09:00 HTTP/1.1" 200 4539
[2026-01-05 14:50:44,163] INFO bookings.views:42 Booking created
[2026-01-05 14:50:44,164] INFO bookings.views:54 Sending booking confirmation email
[2026-01-05 14:50:44,190] INFO bookings.views:71 Booking process completed successfully
[2026-01-05 14:50:44,194] INFO django.server:212 "POST /book/?worker=1&service=1&date=2026-01-13&time=09:00 HTTP/1.1" 302 0
[2026-01-05 14:50:44,203] INFO bookings.views:151 Booking success page viewed
[2026-01-05 14:50:44,206] INFO django.server:212 "GET /booking-success/?id=7 HTTP/1.1" 200 918
[2026-01-05 14:50:46,238] INFO django.server:212 "GET / HTTP/1.1" 200 2957
[2026-01-05 14:50:50,308] INFO django.server:212 "GET /pricelist/ HTTP/1.1" 200 3442
[2026-01-05 14:50:50,356] INFO django.server:212 "GET /static/css/styles.css HTTP/1.1" 304 0
[2026-01-05 14:50:55,351] INFO django.server:212 "GET / HTTP/1.1" 200 2957
[2026-01-05 14:51:26,907] INFO django.server:212 "GET /static/css/styles.css HTTP/1.1" 304 0
[2026-01-05 14:51:26,952] WARNING django.server:212 "GET /.well-known/appspecific/com.chrome.devtools.json HTTP/1.1" 404 3711
[2026-01-05 14:52:21,792] WARNING django.server:212 "GET /.well-known/appspecific/com.chrome.devtools.json HTTP/1.1" 404 3711
[2026-01-05 14:52:53,129] INFO django.server:212 "GET / HTTP/1.1" 200 2957
[2026-01-05 14:52:53,172] INFO django.server:212 "GET /static/css/styles.css HTTP/1.1" 304 0
[2026-01-05 14:52:53,190] INFO django.server:212 "GET /static/images/hero.png HTTP/1.1" 304 0
[2026-01-05 14:53:02,416] WARNING django.server:212 "GET /.well-known/appspecific/com.chrome.devtools.json HTTP/1.1" 404 3711
[2026-01-05 14:53:25,532] INFO django.server:212 "GET / HTTP/1.1" 200 2957
[2026-01-05 14:53:25,605] INFO django.server:212 "GET /static/css/styles.css HTTP/1.1" 200 4247
[2026-01-05 14:53:25,616] INFO django.server:212 "GET /static/django-browser-reload/reload-listener.js HTTP/1.1" 200 623
[2026-01-05 14:53:25,643] WARNING django.server:212 "GET /.well-known/appspecific/com.chrome.devtools.json HTTP/1.1" 404 3711
[2026-01-05 14:53:25,678] INFO django.server:212 "GET /static/django-browser-reload/reload-worker.js HTTP/1.1" 200 2711
[2026-01-05 14:53:25,780] INFO django.server:212 "GET /static/images/hero.png HTTP/1.1" 200 6497760
[2026-01-05 14:53:29,590] INFO django.server:212 "GET / HTTP/1.1" 200 2957
[2026-01-05 14:53:29,628] INFO django.server:212 "GET /static/css/styles.css HTTP/1.1" 304 0
[2026-01-05 14:53:42,941] INFO django.server:212 "GET / HTTP/1.1" 200 2957
[2026-01-05 14:53:42,981] INFO django.server:212 "GET /static/css/styles.css HTTP/1.1" 200 4247
[2026-01-05 14:53:43,952] INFO django.server:212 "GET / HTTP/1.1" 200 2957
[2026-01-05 14:53:43,991] INFO django.server:212 "GET /static/css/styles.css HTTP/1.1" 200 4247
[2026-01-05 14:53:46,015] INFO django.server:212 "GET / HTTP/1.1" 200 2957
[2026-01-05 14:53:46,052] INFO django.server:212 "GET /static/css/styles.css HTTP/1.1" 200 4247
[2026-01-05 14:53:55,260] INFO django.server:212 "GET /static/css/styles.css HTTP/1.1" 304 0
[2026-01-05 14:53:55,302] WARNING django.server:212 "GET /.well-known/appspecific/com.chrome.devtools.json HTTP/1.1" 404 3711
[2026-01-05 14:54:49,610] INFO django.server:212 "GET / HTTP/1.1" 200 2957
[2026-01-05 14:54:49,658] INFO django.server:212 "GET /static/css/styles.css HTTP/1.1" 200 4245
[2026-01-05 14:54:49,666] INFO django.server:212 "GET /static/django-browser-reload/reload-listener.js HTTP/1.1" 200 623
[2026-01-05 14:54:49,680] WARNING django.server:212 "GET /.well-known/appspecific/com.chrome.devtools.json HTTP/1.1" 404 3711
[2026-01-05 14:54:49,710] INFO django.server:212 "GET /static/django-browser-reload/reload-worker.js HTTP/1.1" 200 2711
[2026-01-05 14:54:49,777] INFO django.server:212 "GET /static/images/hero.png HTTP/1.1" 200 6497760
[2026-01-05 14:54:52,696] INFO django.server:212 "GET / HTTP/1.1" 200 2957
[2026-01-05 14:54:52,751] INFO django.server:212 "GET /static/css/styles.css HTTP/1.1" 200 4245
[2026-01-05 14:54:52,755] INFO django.server:212 "GET /static/django-browser-reload/reload-listener.js HTTP/1.1" 200 623
[2026-01-05 14:54:52,775] WARNING django.server:212 "GET /.well-known/appspecific/com.chrome.devtools.json HTTP/1.1" 404 3711
[2026-01-05 14:54:52,810] INFO django.server:212 "GET /static/django-browser-reload/reload-worker.js HTTP/1.1" 200 2711
[2026-01-05 14:54:52,886] INFO django.server:212 "GET /static/images/hero.png HTTP/1.1" 200 6497760
[2026-01-05 14:56:44,177] INFO django.server:212 "GET /static/css/styles.css HTTP/1.1" 304 0
[2026-01-05 14:56:44,235] WARNING django.server:212 "GET /.well-known/appspecific/com.chrome.devtools.json HTTP/1.1" 404 3711
[2026-01-05 14:58:46,725] INFO django.server:212 "GET / HTTP/1.1" 200 2957
[2026-01-05 14:58:46,773] INFO django.server:212 "GET /static/css/styles.css HTTP/1.1" 200 4245
[2026-01-05 14:58:46,793] INFO django.server:212 "GET /static/django-browser-reload/reload-listener.js HTTP/1.1" 200 623
[2026-01-05 14:58:46,817] WARNING django.server:212 "GET /.well-known/appspecific/com.chrome.devtools.json HTTP/1.1" 404 3711
[2026-01-05 14:58:46,854] INFO django.server:212 "GET /static/django-browser-reload/reload-worker.js HTTP/1.1" 200 2711
[2026-01-05 14:58:46,966] INFO django.server:212 "GET /static/images/hero.png HTTP/1.1" 200 6497760
[2026-01-05 14:59:22,712] INFO django.server:212 "GET / HTTP/1.1" 200 2957
[2026-01-05 14:59:22,762] INFO django.server:212 "GET /static/css/styles.css HTTP/1.1" 200 4245
[2026-01-05 14:59:22,769] INFO django.server:212 "GET /static/django-browser-reload/reload-listener.js HTTP/1.1" 200 623
[2026-01-05 14:59:22,821] WARNING django.server:212 "GET /.well-known/appspecific/com.chrome.devtools.json HTTP/1.1" 404 3711
[2026-01-05 14:59:22,838] INFO django.server:212 "GET /static/django-browser-reload/reload-worker.js HTTP/1.1" 200 2711
[2026-01-05 14:59:22,922] INFO django.server:212 "GET /static/images/hero.png HTTP/1.1" 200 6497760
[2026-01-05 15:00:05,591] INFO django.server:212 "GET / HTTP/1.1" 200 2957
[2026-01-05 15:00:05,650] INFO django.server:212 "GET /static/css/styles.css HTTP/1.1" 200 4245
[2026-01-05 15:00:05,653] INFO django.server:212 "GET /static/django-browser-reload/reload-listener.js HTTP/1.1" 200 623
[2026-01-05 15:00:05,670] WARNING django.server:212 "GET /.well-known/appspecific/com.chrome.devtools.json HTTP/1.1" 404 3711
[2026-01-05 15:00:05,714] INFO django.server:212 "GET /static/django-browser-reload/reload-worker.js HTTP/1.1" 200 2711
[2026-01-05 15:00:05,855] INFO django.server:212 "GET /static/images/hero.png HTTP/1.1" 200 6497760
[2026-01-05 15:00:10,731] INFO django.server:212 "GET / HTTP/1.1" 200 2957
[2026-01-05 15:00:10,772] INFO django.server:212 "GET /static/css/styles.css HTTP/1.1" 304 0
[2026-01-05 15:00:12,790] INFO django.server:212 "GET / HTTP/1.1" 200 2957
[2026-01-05 15:03:25,485] INFO django.server:212 "GET / HTTP/1.1" 200 3251
[2026-01-05 15:03:25,517] INFO django.server:212 "GET /static/css/styles.css HTTP/1.1" 304 0
[2026-01-05 15:03:25,554] INFO django.server:212 "GET /static/images/hero.png HTTP/1.1" 304 0
[2026-01-05 15:03:27,550] INFO django.server:212 "GET / HTTP/1.1" 200 3251
[2026-01-05 15:03:28,817] INFO django.server:212 "GET / HTTP/1.1" 200 3251
[2026-01-05 15:03:30,653] INFO django.server:212 "GET / HTTP/1.1" 200 3251
[2026-01-05 15:04:00,751] INFO django.server:212 "GET /static/css/styles.css HTTP/1.1" 304 0
[2026-01-05 15:04:00,796] WARNING django.server:212 "GET /.well-known/appspecific/com.chrome.devtools.json HTTP/1.1" 404 3711
[2026-01-05 15:04:30,247] INFO django.server:212 "GET / HTTP/1.1" 200 3251
[2026-01-05 15:04:30,289] INFO django.server:212 "GET /static/css/styles.css HTTP/1.1" 200 4245
[2026-01-05 15:04:30,295] INFO django.server:212 "GET /static/django-browser-reload/reload-listener.js HTTP/1.1" 200 623
[2026-01-05 15:04:30,320] WARNING django.server:212 "GET /.well-known/appspecific/com.chrome.devtools.json HTTP/1.1" 404 3711
[2026-01-05 15:04:30,404] INFO django.server:212 "GET /static/django-browser-reload/reload-worker.js HTTP/1.1" 200 2711
[2026-01-05 15:04:30,498] INFO django.server:212 "GET /static/images/hero.png HTTP/1.1" 200 6497760
[2026-01-05 15:04:42,379] INFO django.server:212 "GET / HTTP/1.1" 200 3251
[2026-01-05 15:05:43,792] INFO django.server:212 "GET / HTTP/1.1" 200 3266
[2026-01-05 15:05:43,826] INFO django.server:212 "GET /static/css/styles.css HTTP/1.1" 200 4246
[2026-01-05 15:05:45,846] INFO django.server:212 "GET / HTTP/1.1" 200 3268
[2026-01-05 15:05:47,909] INFO django.server:212 "GET / HTTP/1.1" 200 3272
[2026-01-05 15:05:51,994] INFO django.server:212 "GET / HTTP/1.1" 200 3327
[2026-01-05 15:05:52,023] INFO django.server:212 "GET /static/css/styles.css HTTP/1.1" 304 0
[2026-01-05 15:05:52,030] INFO django.server:212 "GET /static/images/logo.png HTTP/1.1" 200 26477
[2026-01-05 15:05:59,147] INFO django.server:212 "GET / HTTP/1.1" 200 3329
[2026-01-05 15:05:59,176] INFO django.server:212 "GET /static/css/styles.css HTTP/1.1" 304 0
[2026-01-05 15:06:01,270] INFO django.server:212 "GET / HTTP/1.1" 200 2092
[2026-01-05 15:06:02,215] INFO django.server:212 "GET / HTTP/1.1" 200 2092
[2026-01-05 15:06:03,236] INFO django.server:212 "GET / HTTP/1.1" 200 3332
[2026-01-05 15:06:18,345] INFO django.server:212 "GET / HTTP/1.1" 200 3332
[2026-01-05 15:06:18,382] INFO django.server:212 "GET /static/css/styles.css HTTP/1.1" 304 0
[2026-01-05 15:07:46,151] INFO django.server:212 "GET /static/css/styles.css HTTP/1.1" 304 0
[2026-01-05 15:07:46,189] WARNING django.server:212 "GET /.well-known/appspecific/com.chrome.devtools.json HTTP/1.1" 404 3711
[2026-01-05 15:08:08,391] INFO django.server:212 "GET / HTTP/1.1" 200 3332
[2026-01-05 15:08:08,449] INFO django.server:212 "GET /static/css/styles.css HTTP/1.1" 200 4246
[2026-01-05 15:08:08,454] WARNING django.server:212 "GET /.well-known/appspecific/com.chrome.devtools.json HTTP/1.1" 404 3711
[2026-01-05 15:08:08,456] INFO django.server:212 "GET /static/images/logo.png HTTP/1.1" 200 26819
[2026-01-05 15:08:08,503] INFO django.server:212 "GET /static/django-browser-reload/reload-listener.js HTTP/1.1" 200 623
[2026-01-05 15:08:08,525] INFO django.server:212 "GET /static/django-browser-reload/reload-worker.js HTTP/1.1" 200 2711
[2026-01-05 15:08:08,618] INFO django.server:212 "GET /static/images/hero.png HTTP/1.1" 200 6497760
[2026-01-05 15:08:59,662] INFO django.server:212 "GET / HTTP/1.1" 200 3464
[2026-01-05 15:08:59,707] WARNING django.server:212 "GET /.well-known/appspecific/com.chrome.devtools.json HTTP/1.1" 404 3711
[2026-01-05 15:08:59,707] INFO django.server:212 "GET /static/css/styles.css HTTP/1.1" 200 4246
[2026-01-05 15:08:59,710] INFO django.server:212 "GET /static/images/logo.png HTTP/1.1" 200 26819
[2026-01-05 15:08:59,747] INFO django.server:212 "GET /static/django-browser-reload/reload-listener.js HTTP/1.1" 200 623
[2026-01-05 15:08:59,766] INFO django.server:212 "GET /static/django-browser-reload/reload-worker.js HTTP/1.1" 200 2711
[2026-01-05 15:08:59,852] INFO django.server:212 "GET /static/images/hero.png HTTP/1.1" 200 6497760
[2026-01-05 15:09:00,749] INFO django.server:212 "GET / HTTP/1.1" 200 3464
[2026-01-05 15:09:00,841] INFO django.server:212 "GET /static/css/styles.css HTTP/1.1" 200 4246
[2026-01-05 15:09:00,847] WARNING django.server:212 "GET /.well-known/appspecific/com.chrome.devtools.json HTTP/1.1" 404 3711
[2026-01-05 15:09:00,850] INFO django.server:212 "GET /static/images/logo.png HTTP/1.1" 200 26819
[2026-01-05 15:09:00,856] INFO django.server:212 "GET /static/django-browser-reload/reload-listener.js HTTP/1.1" 200 623
[2026-01-05 15:09:00,910] INFO django.server:212 "GET /static/django-browser-reload/reload-worker.js HTTP/1.1" 200 2711
[2026-01-05 15:09:00,962] INFO django.server:212 "GET /static/images/hero.png HTTP/1.1" 200 6497760
[2026-01-05 15:09:05,842] INFO django.server:212 "GET / HTTP/1.1" 200 3383
[2026-01-05 15:09:05,892] WARNING django.server:212 "GET /.well-known/appspecific/com.chrome.devtools.json HTTP/1.1" 404 3711
[2026-01-05 15:09:05,899] INFO django.server:212 "GET /static/css/styles.css HTTP/1.1" 200 4246
[2026-01-05 15:09:05,907] INFO django.server:212 "GET /static/images/logo.png HTTP/1.1" 200 26819
[2026-01-05 15:09:05,948] INFO django.server:212 "GET /static/django-browser-reload/reload-listener.js HTTP/1.1" 200 623
[2026-01-05 15:09:05,970] INFO django.server:212 "GET /static/django-browser-reload/reload-worker.js HTTP/1.1" 200 2711
[2026-01-05 15:09:06,028] INFO django.server:212 "GET /static/images/hero.png HTTP/1.1" 200 6497760
[2026-01-05 15:09:07,880] INFO django.server:212 "GET / HTTP/1.1" 200 3383
[2026-01-05 15:09:07,942] WARNING django.server:212 "GET /.well-known/appspecific/com.chrome.devtools.json HTTP/1.1" 404 3711
[2026-01-05 15:09:07,946] INFO django.server:212 "GET /static/css/styles.css HTTP/1.1" 200 4246
[2026-01-05 15:09:07,948] INFO django.server:212 "GET /static/images/logo.png HTTP/1.1" 200 26819
[2026-01-05 15:09:07,988] INFO django.server:212 "GET /static/django-browser-reload/reload-listener.js HTTP/1.1" 200 623
[2026-01-05 15:09:08,009] INFO django.server:212 "GET /static/django-browser-reload/reload-worker.js HTTP/1.1" 200 2711
[2026-01-05 15:09:08,083] INFO django.server:212 "GET /static/images/hero.png HTTP/1.1" 200 6497760
[2026-01-05 15:23:25,515] INFO django.utils.autoreload:266 D:\CursorProjects\SkySalonUpdated-main\SkySalonUpdated-main\salon_site\settings.py changed, reloading.
[2026-01-05 15:23:26,886] INFO django.utils.autoreload:668 Watching for file changes with StatReloader
[2026-01-05 15:23:27,400] INFO django.server:212 "GET / HTTP/1.1" 200 2923
[2026-01-05 15:23:27,523] INFO django.server:212 "GET /static/css/styles.css HTTP/1.1" 200 4127
[2026-01-05 15:23:50,912] INFO django.utils.autoreload:266 D:\CursorProjects\SkySalonUpdated-main\SkySalonUpdated-main\bookings\views.py changed, reloading.
[2026-01-05 15:23:52,056] INFO django.utils.autoreload:668 Watching for file changes with StatReloader
[2026-01-05 15:23:52,489] INFO django.server:212 "GET / HTTP/1.1" 200 3383
[2026-01-05 15:23:52,640] INFO django.server:212 "GET /static/css/styles.css HTTP/1.1" 200 4246
[2026-01-05 15:23:52,675] INFO django.server:212 "GET /static/images/logo.png HTTP/1.1" 200 26819
[2026-01-05 15:23:52,715] INFO django.server:212 "GET /static/images/hero.png HTTP/1.1" 200 6497760
